{"/home/emreute/Code/e-commerce-platform/backend/app.js": {"path":"/home/emreute/Code/e-commerce-platform/backend/app.js","statementMap":{"0":{"start":{"line":1,"column":16},"end":{"line":1,"column":34}},"1":{"start":{"line":2,"column":13},"end":{"line":2,"column":28}},"2":{"start":{"line":4,"column":19},"end":{"line":4,"column":43}},"3":{"start":{"line":5,"column":19},"end":{"line":5,"column":43}},"4":{"start":{"line":6,"column":23},"end":{"line":6,"column":51}},"5":{"start":{"line":7,"column":23},"end":{"line":7,"column":51}},"6":{"start":{"line":8,"column":20},"end":{"line":8,"column":45}},"7":{"start":{"line":9,"column":28},"end":{"line":9,"column":62}},"8":{"start":{"line":10,"column":26},"end":{"line":10,"column":58}},"9":{"start":{"line":11,"column":28},"end":{"line":11,"column":62}},"10":{"start":{"line":13,"column":12},"end":{"line":13,"column":21}},"11":{"start":{"line":15,"column":0},"end":{"line":15,"column":15}},"12":{"start":{"line":16,"column":0},"end":{"line":16,"column":23}},"13":{"start":{"line":18,"column":0},"end":{"line":18,"column":32}},"14":{"start":{"line":19,"column":0},"end":{"line":19,"column":32}},"15":{"start":{"line":20,"column":0},"end":{"line":20,"column":40}},"16":{"start":{"line":21,"column":0},"end":{"line":21,"column":40}},"17":{"start":{"line":22,"column":0},"end":{"line":22,"column":51}},"18":{"start":{"line":23,"column":0},"end":{"line":23,"column":47}},"19":{"start":{"line":24,"column":0},"end":{"line":24,"column":51}},"20":{"start":{"line":25,"column":0},"end":{"line":25,"column":34}},"21":{"start":{"line":28,"column":0},"end":{"line":31,"column":2}},"22":{"start":{"line":29,"column":2},"end":{"line":29,"column":20}},"23":{"start":{"line":30,"column":2},"end":{"line":30,"column":58}},"24":{"start":{"line":33,"column":0},"end":{"line":33,"column":20}}},"fnMap":{"0":{"name":"(anonymous_0)","decl":{"start":{"line":28,"column":8},"end":{"line":28,"column":9}},"loc":{"start":{"line":28,"column":34},"end":{"line":31,"column":1}},"line":28}},"branchMap":{},"s":{"0":4,"1":4,"2":4,"3":4,"4":4,"5":4,"6":4,"7":4,"8":4,"9":4,"10":4,"11":4,"12":4,"13":4,"14":4,"15":4,"16":4,"17":4,"18":4,"19":4,"20":4,"21":4,"22":8,"23":8,"24":4},"f":{"0":8},"b":{},"_coverageSchema":"1a1c01bbd47fc00a2c39e90264f33305004495a9","hash":"f651d2df15c596ed5c9186cd51413695a1385fb0"}
,"/home/emreute/Code/e-commerce-platform/backend/middleware/admin.js": {"path":"/home/emreute/Code/e-commerce-platform/backend/middleware/admin.js","statementMap":{"0":{"start":{"line":2,"column":2},"end":{"line":4,"column":3}},"1":{"start":{"line":3,"column":4},"end":{"line":3,"column":67}},"2":{"start":{"line":5,"column":2},"end":{"line":5,"column":8}},"3":{"start":{"line":8,"column":0},"end":{"line":8,"column":29}}},"fnMap":{"0":{"name":"requireAdmin","decl":{"start":{"line":1,"column":9},"end":{"line":1,"column":21}},"loc":{"start":{"line":1,"column":38},"end":{"line":6,"column":1}},"line":1}},"branchMap":{"0":{"loc":{"start":{"line":2,"column":2},"end":{"line":4,"column":3}},"type":"if","locations":[{"start":{"line":2,"column":2},"end":{"line":4,"column":3}},{"start":{},"end":{}}],"line":2},"1":{"loc":{"start":{"line":2,"column":6},"end":{"line":2,"column":44}},"type":"binary-expr","locations":[{"start":{"line":2,"column":6},"end":{"line":2,"column":15}},{"start":{"line":2,"column":19},"end":{"line":2,"column":44}}],"line":2}},"s":{"0":0,"1":0,"2":0,"3":4},"f":{"0":0},"b":{"0":[0,0],"1":[0,0]},"_coverageSchema":"1a1c01bbd47fc00a2c39e90264f33305004495a9","hash":"3daf730c32b68f463f79495cba9ed74c1e01e567"}
,"/home/emreute/Code/e-commerce-platform/backend/middleware/auth.js": {"path":"/home/emreute/Code/e-commerce-platform/backend/middleware/auth.js","statementMap":{"0":{"start":{"line":1,"column":12},"end":{"line":1,"column":35}},"1":{"start":{"line":4,"column":17},"end":{"line":4,"column":42}},"2":{"start":{"line":5,"column":2},"end":{"line":7,"column":3}},"3":{"start":{"line":6,"column":4},"end":{"line":6,"column":69}},"4":{"start":{"line":9,"column":2},"end":{"line":16,"column":3}},"5":{"start":{"line":10,"column":18},"end":{"line":10,"column":38}},"6":{"start":{"line":11,"column":20},"end":{"line":11,"column":61}},"7":{"start":{"line":12,"column":4},"end":{"line":12,"column":22}},"8":{"start":{"line":13,"column":4},"end":{"line":13,"column":10}},"9":{"start":{"line":15,"column":4},"end":{"line":15,"column":70}},"10":{"start":{"line":19,"column":0},"end":{"line":19,"column":29}}},"fnMap":{"0":{"name":"authenticate","decl":{"start":{"line":3,"column":9},"end":{"line":3,"column":21}},"loc":{"start":{"line":3,"column":38},"end":{"line":17,"column":1}},"line":3}},"branchMap":{"0":{"loc":{"start":{"line":5,"column":2},"end":{"line":7,"column":3}},"type":"if","locations":[{"start":{"line":5,"column":2},"end":{"line":7,"column":3}},{"start":{},"end":{}}],"line":5},"1":{"loc":{"start":{"line":5,"column":6},"end":{"line":5,"column":46}},"type":"binary-expr","locations":[{"start":{"line":5,"column":6},"end":{"line":5,"column":13}},{"start":{"line":5,"column":17},"end":{"line":5,"column":46}}],"line":5}},"s":{"0":4,"1":34,"2":34,"3":7,"4":27,"5":27,"6":27,"7":27,"8":27,"9":0,"10":4},"f":{"0":34},"b":{"0":[7,27],"1":[34,27]},"_coverageSchema":"1a1c01bbd47fc00a2c39e90264f33305004495a9","hash":"32b6bf0ecae33dcfe63109d065bde537e21c0434"}
,"/home/emreute/Code/e-commerce-platform/backend/routes/admin-orders.js": {"path":"/home/emreute/Code/e-commerce-platform/backend/routes/admin-orders.js","statementMap":{"0":{"start":{"line":1,"column":16},"end":{"line":1,"column":34}},"1":{"start":{"line":2,"column":21},"end":{"line":2,"column":50}},"2":{"start":{"line":3,"column":21},"end":{"line":3,"column":51}},"3":{"start":{"line":4,"column":13},"end":{"line":4,"column":29}},"4":{"start":{"line":6,"column":15},"end":{"line":6,"column":31}},"5":{"start":{"line":8,"column":0},"end":{"line":8,"column":24}},"6":{"start":{"line":9,"column":0},"end":{"line":9,"column":24}},"7":{"start":{"line":11,"column":23},"end":{"line":11,"column":85}},"8":{"start":{"line":14,"column":0},"end":{"line":60,"column":2}},"9":{"start":{"line":15,"column":15},"end":{"line":15,"column":57}},"10":{"start":{"line":16,"column":16},"end":{"line":16,"column":75}},"11":{"start":{"line":17,"column":17},"end":{"line":17,"column":35}},"12":{"start":{"line":18,"column":17},"end":{"line":18,"column":48}},"13":{"start":{"line":19,"column":17},"end":{"line":19,"column":48}},"14":{"start":{"line":21,"column":14},"end":{"line":21,"column":16}},"15":{"start":{"line":22,"column":15},"end":{"line":22,"column":17}},"16":{"start":{"line":23,"column":12},"end":{"line":23,"column":13}},"17":{"start":{"line":25,"column":2},"end":{"line":29,"column":3}},"18":{"start":{"line":26,"column":4},"end":{"line":26,"column":50}},"19":{"start":{"line":27,"column":4},"end":{"line":27,"column":23}},"20":{"start":{"line":28,"column":4},"end":{"line":28,"column":9}},"21":{"start":{"line":31,"column":2},"end":{"line":35,"column":3}},"22":{"start":{"line":32,"column":4},"end":{"line":32,"column":39}},"23":{"start":{"line":33,"column":4},"end":{"line":33,"column":30}},"24":{"start":{"line":34,"column":4},"end":{"line":34,"column":9}},"25":{"start":{"line":37,"column":22},"end":{"line":37,"column":72}},"26":{"start":{"line":39,"column":22},"end":{"line":42,"column":3}},"27":{"start":{"line":43,"column":16},"end":{"line":43,"column":51}},"28":{"start":{"line":45,"column":21},"end":{"line":54,"column":3}},"29":{"start":{"line":56,"column":2},"end":{"line":59,"column":4}},"30":{"start":{"line":63,"column":0},"end":{"line":85,"column":2}},"31":{"start":{"line":64,"column":22},"end":{"line":71,"column":3}},"32":{"start":{"line":73,"column":2},"end":{"line":73,"column":94}},"33":{"start":{"line":73,"column":37},"end":{"line":73,"column":94}},"34":{"start":{"line":75,"column":22},"end":{"line":82,"column":3}},"35":{"start":{"line":84,"column":2},"end":{"line":84,"column":67}},"36":{"start":{"line":88,"column":0},"end":{"line":104,"column":2}},"37":{"start":{"line":89,"column":21},"end":{"line":89,"column":29}},"38":{"start":{"line":91,"column":2},"end":{"line":93,"column":3}},"39":{"start":{"line":92,"column":4},"end":{"line":92,"column":97}},"40":{"start":{"line":95,"column":17},"end":{"line":99,"column":3}},"41":{"start":{"line":101,"column":2},"end":{"line":101,"column":89}},"42":{"start":{"line":101,"column":32},"end":{"line":101,"column":89}},"43":{"start":{"line":103,"column":2},"end":{"line":103,"column":37}},"44":{"start":{"line":107,"column":0},"end":{"line":111,"column":2}},"45":{"start":{"line":108,"column":17},"end":{"line":108,"column":99}},"46":{"start":{"line":109,"column":2},"end":{"line":109,"column":89}},"47":{"start":{"line":109,"column":32},"end":{"line":109,"column":89}},"48":{"start":{"line":110,"column":2},"end":{"line":110,"column":53}},"49":{"start":{"line":113,"column":0},"end":{"line":113,"column":23}}},"fnMap":{"0":{"name":"(anonymous_0)","decl":{"start":{"line":14,"column":16},"end":{"line":14,"column":17}},"loc":{"start":{"line":14,"column":36},"end":{"line":60,"column":1}},"line":14},"1":{"name":"(anonymous_1)","decl":{"start":{"line":63,"column":19},"end":{"line":63,"column":20}},"loc":{"start":{"line":63,"column":39},"end":{"line":85,"column":1}},"line":63},"2":{"name":"(anonymous_2)","decl":{"start":{"line":88,"column":19},"end":{"line":88,"column":20}},"loc":{"start":{"line":88,"column":39},"end":{"line":104,"column":1}},"line":88},"3":{"name":"(anonymous_3)","decl":{"start":{"line":107,"column":22},"end":{"line":107,"column":23}},"loc":{"start":{"line":107,"column":42},"end":{"line":111,"column":1}},"line":107}},"branchMap":{"0":{"loc":{"start":{"line":15,"column":27},"end":{"line":15,"column":56}},"type":"binary-expr","locations":[{"start":{"line":15,"column":27},"end":{"line":15,"column":51}},{"start":{"line":15,"column":55},"end":{"line":15,"column":56}}],"line":15},"1":{"loc":{"start":{"line":16,"column":42},"end":{"line":16,"column":73}},"type":"binary-expr","locations":[{"start":{"line":16,"column":42},"end":{"line":16,"column":67}},{"start":{"line":16,"column":71},"end":{"line":16,"column":73}}],"line":16},"2":{"loc":{"start":{"line":18,"column":18},"end":{"line":18,"column":40}},"type":"binary-expr","locations":[{"start":{"line":18,"column":18},"end":{"line":18,"column":34}},{"start":{"line":18,"column":38},"end":{"line":18,"column":40}}],"line":18},"3":{"loc":{"start":{"line":19,"column":18},"end":{"line":19,"column":40}},"type":"binary-expr","locations":[{"start":{"line":19,"column":18},"end":{"line":19,"column":34}},{"start":{"line":19,"column":38},"end":{"line":19,"column":40}}],"line":19},"4":{"loc":{"start":{"line":25,"column":2},"end":{"line":29,"column":3}},"type":"if","locations":[{"start":{"line":25,"column":2},"end":{"line":29,"column":3}},{"start":{},"end":{}}],"line":25},"5":{"loc":{"start":{"line":25,"column":6},"end":{"line":25,"column":47}},"type":"binary-expr","locations":[{"start":{"line":25,"column":6},"end":{"line":25,"column":12}},{"start":{"line":25,"column":16},"end":{"line":25,"column":47}}],"line":25},"6":{"loc":{"start":{"line":31,"column":2},"end":{"line":35,"column":3}},"type":"if","locations":[{"start":{"line":31,"column":2},"end":{"line":35,"column":3}},{"start":{},"end":{}}],"line":31},"7":{"loc":{"start":{"line":37,"column":22},"end":{"line":37,"column":72}},"type":"cond-expr","locations":[{"start":{"line":37,"column":37},"end":{"line":37,"column":67}},{"start":{"line":37,"column":70},"end":{"line":37,"column":72}}],"line":37},"8":{"loc":{"start":{"line":73,"column":2},"end":{"line":73,"column":94}},"type":"if","locations":[{"start":{"line":73,"column":2},"end":{"line":73,"column":94}},{"start":{},"end":{}}],"line":73},"9":{"loc":{"start":{"line":91,"column":2},"end":{"line":93,"column":3}},"type":"if","locations":[{"start":{"line":91,"column":2},"end":{"line":93,"column":3}},{"start":{},"end":{}}],"line":91},"10":{"loc":{"start":{"line":91,"column":6},"end":{"line":91,"column":49}},"type":"binary-expr","locations":[{"start":{"line":91,"column":6},"end":{"line":91,"column":13}},{"start":{"line":91,"column":17},"end":{"line":91,"column":49}}],"line":91},"11":{"loc":{"start":{"line":101,"column":2},"end":{"line":101,"column":89}},"type":"if","locations":[{"start":{"line":101,"column":2},"end":{"line":101,"column":89}},{"start":{},"end":{}}],"line":101},"12":{"loc":{"start":{"line":109,"column":2},"end":{"line":109,"column":89}},"type":"if","locations":[{"start":{"line":109,"column":2},"end":{"line":109,"column":89}},{"start":{},"end":{}}],"line":109}},"s":{"0":4,"1":4,"2":4,"3":4,"4":4,"5":4,"6":4,"7":4,"8":4,"9":0,"10":0,"11":0,"12":0,"13":0,"14":0,"15":0,"16":0,"17":0,"18":0,"19":0,"20":0,"21":0,"22":0,"23":0,"24":0,"25":0,"26":0,"27":0,"28":0,"29":0,"30":4,"31":0,"32":0,"33":0,"34":0,"35":0,"36":4,"37":0,"38":0,"39":0,"40":0,"41":0,"42":0,"43":0,"44":4,"45":0,"46":0,"47":0,"48":0,"49":4},"f":{"0":0,"1":0,"2":0,"3":0},"b":{"0":[0,0],"1":[0,0],"2":[0,0],"3":[0,0],"4":[0,0],"5":[0,0],"6":[0,0],"7":[0,0],"8":[0,0],"9":[0,0],"10":[0,0],"11":[0,0],"12":[0,0]},"_coverageSchema":"1a1c01bbd47fc00a2c39e90264f33305004495a9","hash":"863607e2acd617f7db4941ee3af1e77f7a4abbaa"}
,"/home/emreute/Code/e-commerce-platform/backend/routes/admin-products.js": {"path":"/home/emreute/Code/e-commerce-platform/backend/routes/admin-products.js","statementMap":{"0":{"start":{"line":1,"column":16},"end":{"line":1,"column":34}},"1":{"start":{"line":2,"column":21},"end":{"line":2,"column":50}},"2":{"start":{"line":3,"column":21},"end":{"line":3,"column":51}},"3":{"start":{"line":4,"column":13},"end":{"line":4,"column":29}},"4":{"start":{"line":6,"column":15},"end":{"line":6,"column":31}},"5":{"start":{"line":8,"column":0},"end":{"line":8,"column":24}},"6":{"start":{"line":9,"column":0},"end":{"line":9,"column":24}},"7":{"start":{"line":12,"column":0},"end":{"line":49,"column":2}},"8":{"start":{"line":13,"column":15},"end":{"line":13,"column":57}},"9":{"start":{"line":14,"column":16},"end":{"line":14,"column":75}},"10":{"start":{"line":15,"column":17},"end":{"line":15,"column":35}},"11":{"start":{"line":16,"column":17},"end":{"line":16,"column":48}},"12":{"start":{"line":17,"column":19},"end":{"line":17,"column":52}},"13":{"start":{"line":19,"column":14},"end":{"line":19,"column":16}},"14":{"start":{"line":20,"column":15},"end":{"line":20,"column":17}},"15":{"start":{"line":21,"column":12},"end":{"line":21,"column":13}},"16":{"start":{"line":23,"column":2},"end":{"line":27,"column":3}},"17":{"start":{"line":24,"column":4},"end":{"line":24,"column":36}},"18":{"start":{"line":25,"column":4},"end":{"line":25,"column":30}},"19":{"start":{"line":26,"column":4},"end":{"line":26,"column":9}},"20":{"start":{"line":29,"column":2},"end":{"line":33,"column":3}},"21":{"start":{"line":30,"column":4},"end":{"line":30,"column":36}},"22":{"start":{"line":31,"column":4},"end":{"line":31,"column":25}},"23":{"start":{"line":32,"column":4},"end":{"line":32,"column":9}},"24":{"start":{"line":35,"column":22},"end":{"line":35,"column":72}},"25":{"start":{"line":37,"column":22},"end":{"line":37,"column":94}},"26":{"start":{"line":38,"column":16},"end":{"line":38,"column":51}},"27":{"start":{"line":40,"column":21},"end":{"line":43,"column":3}},"28":{"start":{"line":45,"column":2},"end":{"line":48,"column":4}},"29":{"start":{"line":53,"column":0},"end":{"line":58,"column":2}},"30":{"start":{"line":54,"column":17},"end":{"line":56,"column":3}},"31":{"start":{"line":57,"column":2},"end":{"line":57,"column":62}},"32":{"start":{"line":57,"column":48},"end":{"line":57,"column":58}},"33":{"start":{"line":61,"column":0},"end":{"line":65,"column":2}},"34":{"start":{"line":62,"column":17},"end":{"line":62,"column":90}},"35":{"start":{"line":63,"column":2},"end":{"line":63,"column":91}},"36":{"start":{"line":63,"column":32},"end":{"line":63,"column":91}},"37":{"start":{"line":64,"column":2},"end":{"line":64,"column":39}},"38":{"start":{"line":68,"column":0},"end":{"line":94,"column":2}},"39":{"start":{"line":69,"column":67},"end":{"line":69,"column":75}},"40":{"start":{"line":71,"column":2},"end":{"line":73,"column":3}},"41":{"start":{"line":72,"column":4},"end":{"line":72,"column":73}},"42":{"start":{"line":75,"column":2},"end":{"line":77,"column":3}},"43":{"start":{"line":76,"column":4},"end":{"line":76,"column":72}},"44":{"start":{"line":79,"column":17},"end":{"line":91,"column":3}},"45":{"start":{"line":93,"column":2},"end":{"line":93,"column":51}},"46":{"start":{"line":97,"column":0},"end":{"line":151,"column":2}},"47":{"start":{"line":98,"column":67},"end":{"line":98,"column":75}},"48":{"start":{"line":99,"column":20},"end":{"line":99,"column":33}},"49":{"start":{"line":101,"column":19},"end":{"line":101,"column":89}},"50":{"start":{"line":102,"column":2},"end":{"line":102,"column":93}},"51":{"start":{"line":102,"column":34},"end":{"line":102,"column":93}},"52":{"start":{"line":104,"column":13},"end":{"line":104,"column":15}},"53":{"start":{"line":105,"column":15},"end":{"line":105,"column":17}},"54":{"start":{"line":106,"column":12},"end":{"line":106,"column":13}},"55":{"start":{"line":108,"column":2},"end":{"line":112,"column":3}},"56":{"start":{"line":109,"column":4},"end":{"line":109,"column":31}},"57":{"start":{"line":110,"column":4},"end":{"line":110,"column":21}},"58":{"start":{"line":111,"column":4},"end":{"line":111,"column":9}},"59":{"start":{"line":113,"column":2},"end":{"line":117,"column":3}},"60":{"start":{"line":114,"column":4},"end":{"line":114,"column":38}},"61":{"start":{"line":115,"column":4},"end":{"line":115,"column":28}},"62":{"start":{"line":116,"column":4},"end":{"line":116,"column":9}},"63":{"start":{"line":118,"column":2},"end":{"line":123,"column":3}},"64":{"start":{"line":119,"column":4},"end":{"line":119,"column":99}},"65":{"start":{"line":119,"column":31},"end":{"line":119,"column":99}},"66":{"start":{"line":120,"column":4},"end":{"line":120,"column":32}},"67":{"start":{"line":121,"column":4},"end":{"line":121,"column":22}},"68":{"start":{"line":122,"column":4},"end":{"line":122,"column":9}},"69":{"start":{"line":124,"column":2},"end":{"line":128,"column":3}},"70":{"start":{"line":125,"column":4},"end":{"line":125,"column":32}},"71":{"start":{"line":126,"column":4},"end":{"line":126,"column":71}},"72":{"start":{"line":127,"column":4},"end":{"line":127,"column":9}},"73":{"start":{"line":129,"column":2},"end":{"line":133,"column":3}},"74":{"start":{"line":130,"column":4},"end":{"line":130,"column":35}},"75":{"start":{"line":131,"column":4},"end":{"line":131,"column":25}},"76":{"start":{"line":132,"column":4},"end":{"line":132,"column":9}},"77":{"start":{"line":134,"column":2},"end":{"line":138,"column":3}},"78":{"start":{"line":135,"column":4},"end":{"line":135,"column":36}},"79":{"start":{"line":136,"column":4},"end":{"line":136,"column":26}},"80":{"start":{"line":137,"column":4},"end":{"line":137,"column":9}},"81":{"start":{"line":140,"column":2},"end":{"line":140,"column":86}},"82":{"start":{"line":140,"column":25},"end":{"line":140,"column":86}},"83":{"start":{"line":142,"column":2},"end":{"line":142,"column":33}},"84":{"start":{"line":143,"column":2},"end":{"line":143,"column":24}},"85":{"start":{"line":145,"column":17},"end":{"line":148,"column":3}},"86":{"start":{"line":150,"column":2},"end":{"line":150,"column":39}},"87":{"start":{"line":154,"column":0},"end":{"line":160,"column":2}},"88":{"start":{"line":155,"column":17},"end":{"line":157,"column":4}},"89":{"start":{"line":158,"column":2},"end":{"line":158,"column":91}},"90":{"start":{"line":158,"column":32},"end":{"line":158,"column":91}},"91":{"start":{"line":159,"column":2},"end":{"line":159,"column":55}},"92":{"start":{"line":162,"column":0},"end":{"line":162,"column":23}}},"fnMap":{"0":{"name":"(anonymous_0)","decl":{"start":{"line":12,"column":16},"end":{"line":12,"column":17}},"loc":{"start":{"line":12,"column":36},"end":{"line":49,"column":1}},"line":12},"1":{"name":"(anonymous_1)","decl":{"start":{"line":53,"column":31},"end":{"line":53,"column":32}},"loc":{"start":{"line":53,"column":51},"end":{"line":58,"column":1}},"line":53},"2":{"name":"(anonymous_2)","decl":{"start":{"line":57,"column":41},"end":{"line":57,"column":42}},"loc":{"start":{"line":57,"column":48},"end":{"line":57,"column":58}},"line":57},"3":{"name":"(anonymous_3)","decl":{"start":{"line":61,"column":19},"end":{"line":61,"column":20}},"loc":{"start":{"line":61,"column":39},"end":{"line":65,"column":1}},"line":61},"4":{"name":"(anonymous_4)","decl":{"start":{"line":68,"column":17},"end":{"line":68,"column":18}},"loc":{"start":{"line":68,"column":37},"end":{"line":94,"column":1}},"line":68},"5":{"name":"(anonymous_5)","decl":{"start":{"line":97,"column":19},"end":{"line":97,"column":20}},"loc":{"start":{"line":97,"column":39},"end":{"line":151,"column":1}},"line":97},"6":{"name":"(anonymous_6)","decl":{"start":{"line":154,"column":22},"end":{"line":154,"column":23}},"loc":{"start":{"line":154,"column":42},"end":{"line":160,"column":1}},"line":154}},"branchMap":{"0":{"loc":{"start":{"line":13,"column":27},"end":{"line":13,"column":56}},"type":"binary-expr","locations":[{"start":{"line":13,"column":27},"end":{"line":13,"column":51}},{"start":{"line":13,"column":55},"end":{"line":13,"column":56}}],"line":13},"1":{"loc":{"start":{"line":14,"column":42},"end":{"line":14,"column":73}},"type":"binary-expr","locations":[{"start":{"line":14,"column":42},"end":{"line":14,"column":67}},{"start":{"line":14,"column":71},"end":{"line":14,"column":73}}],"line":14},"2":{"loc":{"start":{"line":16,"column":18},"end":{"line":16,"column":40}},"type":"binary-expr","locations":[{"start":{"line":16,"column":18},"end":{"line":16,"column":34}},{"start":{"line":16,"column":38},"end":{"line":16,"column":40}}],"line":16},"3":{"loc":{"start":{"line":17,"column":20},"end":{"line":17,"column":44}},"type":"binary-expr","locations":[{"start":{"line":17,"column":20},"end":{"line":17,"column":38}},{"start":{"line":17,"column":42},"end":{"line":17,"column":44}}],"line":17},"4":{"loc":{"start":{"line":23,"column":2},"end":{"line":27,"column":3}},"type":"if","locations":[{"start":{"line":23,"column":2},"end":{"line":27,"column":3}},{"start":{},"end":{}}],"line":23},"5":{"loc":{"start":{"line":29,"column":2},"end":{"line":33,"column":3}},"type":"if","locations":[{"start":{"line":29,"column":2},"end":{"line":33,"column":3}},{"start":{},"end":{}}],"line":29},"6":{"loc":{"start":{"line":35,"column":22},"end":{"line":35,"column":72}},"type":"cond-expr","locations":[{"start":{"line":35,"column":37},"end":{"line":35,"column":67}},{"start":{"line":35,"column":70},"end":{"line":35,"column":72}}],"line":35},"7":{"loc":{"start":{"line":63,"column":2},"end":{"line":63,"column":91}},"type":"if","locations":[{"start":{"line":63,"column":2},"end":{"line":63,"column":91}},{"start":{},"end":{}}],"line":63},"8":{"loc":{"start":{"line":71,"column":2},"end":{"line":73,"column":3}},"type":"if","locations":[{"start":{"line":71,"column":2},"end":{"line":73,"column":3}},{"start":{},"end":{}}],"line":71},"9":{"loc":{"start":{"line":71,"column":6},"end":{"line":71,"column":28}},"type":"binary-expr","locations":[{"start":{"line":71,"column":6},"end":{"line":71,"column":11}},{"start":{"line":71,"column":15},"end":{"line":71,"column":28}}],"line":71},"10":{"loc":{"start":{"line":75,"column":2},"end":{"line":77,"column":3}},"type":"if","locations":[{"start":{"line":75,"column":2},"end":{"line":77,"column":3}},{"start":{},"end":{}}],"line":75},"11":{"loc":{"start":{"line":85,"column":6},"end":{"line":85,"column":25}},"type":"binary-expr","locations":[{"start":{"line":85,"column":6},"end":{"line":85,"column":17}},{"start":{"line":85,"column":21},"end":{"line":85,"column":25}}],"line":85},"12":{"loc":{"start":{"line":87,"column":6},"end":{"line":87,"column":60}},"type":"cond-expr","locations":[{"start":{"line":87,"column":41},"end":{"line":87,"column":56}},{"start":{"line":87,"column":59},"end":{"line":87,"column":60}}],"line":87},"13":{"loc":{"start":{"line":88,"column":6},"end":{"line":88,"column":22}},"type":"binary-expr","locations":[{"start":{"line":88,"column":6},"end":{"line":88,"column":14}},{"start":{"line":88,"column":18},"end":{"line":88,"column":22}}],"line":88},"14":{"loc":{"start":{"line":89,"column":6},"end":{"line":89,"column":23}},"type":"binary-expr","locations":[{"start":{"line":89,"column":6},"end":{"line":89,"column":15}},{"start":{"line":89,"column":19},"end":{"line":89,"column":23}}],"line":89},"15":{"loc":{"start":{"line":102,"column":2},"end":{"line":102,"column":93}},"type":"if","locations":[{"start":{"line":102,"column":2},"end":{"line":102,"column":93}},{"start":{},"end":{}}],"line":102},"16":{"loc":{"start":{"line":108,"column":2},"end":{"line":112,"column":3}},"type":"if","locations":[{"start":{"line":108,"column":2},"end":{"line":112,"column":3}},{"start":{},"end":{}}],"line":108},"17":{"loc":{"start":{"line":113,"column":2},"end":{"line":117,"column":3}},"type":"if","locations":[{"start":{"line":113,"column":2},"end":{"line":117,"column":3}},{"start":{},"end":{}}],"line":113},"18":{"loc":{"start":{"line":118,"column":2},"end":{"line":123,"column":3}},"type":"if","locations":[{"start":{"line":118,"column":2},"end":{"line":123,"column":3}},{"start":{},"end":{}}],"line":118},"19":{"loc":{"start":{"line":119,"column":4},"end":{"line":119,"column":99}},"type":"if","locations":[{"start":{"line":119,"column":4},"end":{"line":119,"column":99}},{"start":{},"end":{}}],"line":119},"20":{"loc":{"start":{"line":124,"column":2},"end":{"line":128,"column":3}},"type":"if","locations":[{"start":{"line":124,"column":2},"end":{"line":128,"column":3}},{"start":{},"end":{}}],"line":124},"21":{"loc":{"start":{"line":126,"column":16},"end":{"line":126,"column":70}},"type":"cond-expr","locations":[{"start":{"line":126,"column":51},"end":{"line":126,"column":66}},{"start":{"line":126,"column":69},"end":{"line":126,"column":70}}],"line":126},"22":{"loc":{"start":{"line":129,"column":2},"end":{"line":133,"column":3}},"type":"if","locations":[{"start":{"line":129,"column":2},"end":{"line":133,"column":3}},{"start":{},"end":{}}],"line":129},"23":{"loc":{"start":{"line":134,"column":2},"end":{"line":138,"column":3}},"type":"if","locations":[{"start":{"line":134,"column":2},"end":{"line":138,"column":3}},{"start":{},"end":{}}],"line":134},"24":{"loc":{"start":{"line":140,"column":2},"end":{"line":140,"column":86}},"type":"if","locations":[{"start":{"line":140,"column":2},"end":{"line":140,"column":86}},{"start":{},"end":{}}],"line":140},"25":{"loc":{"start":{"line":158,"column":2},"end":{"line":158,"column":91}},"type":"if","locations":[{"start":{"line":158,"column":2},"end":{"line":158,"column":91}},{"start":{},"end":{}}],"line":158}},"s":{"0":4,"1":4,"2":4,"3":4,"4":4,"5":4,"6":4,"7":4,"8":0,"9":0,"10":0,"11":0,"12":0,"13":0,"14":0,"15":0,"16":0,"17":0,"18":0,"19":0,"20":0,"21":0,"22":0,"23":0,"24":0,"25":0,"26":0,"27":0,"28":0,"29":4,"30":0,"31":0,"32":0,"33":4,"34":0,"35":0,"36":0,"37":0,"38":4,"39":0,"40":0,"41":0,"42":0,"43":0,"44":0,"45":0,"46":4,"47":0,"48":0,"49":0,"50":0,"51":0,"52":0,"53":0,"54":0,"55":0,"56":0,"57":0,"58":0,"59":0,"60":0,"61":0,"62":0,"63":0,"64":0,"65":0,"66":0,"67":0,"68":0,"69":0,"70":0,"71":0,"72":0,"73":0,"74":0,"75":0,"76":0,"77":0,"78":0,"79":0,"80":0,"81":0,"82":0,"83":0,"84":0,"85":0,"86":0,"87":4,"88":0,"89":0,"90":0,"91":0,"92":4},"f":{"0":0,"1":0,"2":0,"3":0,"4":0,"5":0,"6":0},"b":{"0":[0,0],"1":[0,0],"2":[0,0],"3":[0,0],"4":[0,0],"5":[0,0],"6":[0,0],"7":[0,0],"8":[0,0],"9":[0,0],"10":[0,0],"11":[0,0],"12":[0,0],"13":[0,0],"14":[0,0],"15":[0,0],"16":[0,0],"17":[0,0],"18":[0,0],"19":[0,0],"20":[0,0],"21":[0,0],"22":[0,0],"23":[0,0],"24":[0,0],"25":[0,0]},"_coverageSchema":"1a1c01bbd47fc00a2c39e90264f33305004495a9","hash":"df30468b30dd3950de627deddbc58ef1dd4c9d62"}
,"/home/emreute/Code/e-commerce-platform/backend/routes/admin-settings.js": {"path":"/home/emreute/Code/e-commerce-platform/backend/routes/admin-settings.js","statementMap":{"0":{"start":{"line":1,"column":16},"end":{"line":1,"column":34}},"1":{"start":{"line":2,"column":21},"end":{"line":2,"column":50}},"2":{"start":{"line":3,"column":21},"end":{"line":3,"column":51}},"3":{"start":{"line":4,"column":13},"end":{"line":4,"column":29}},"4":{"start":{"line":6,"column":15},"end":{"line":6,"column":31}},"5":{"start":{"line":8,"column":0},"end":{"line":8,"column":24}},"6":{"start":{"line":9,"column":0},"end":{"line":9,"column":24}},"7":{"start":{"line":12,"column":0},"end":{"line":15,"column":2}},"8":{"start":{"line":13,"column":17},"end":{"line":13,"column":79}},"9":{"start":{"line":14,"column":2},"end":{"line":14,"column":37}},"10":{"start":{"line":18,"column":0},"end":{"line":35,"column":2}},"11":{"start":{"line":19,"column":23},"end":{"line":19,"column":31}},"12":{"start":{"line":21,"column":2},"end":{"line":23,"column":3}},"13":{"start":{"line":22,"column":4},"end":{"line":22,"column":72}},"14":{"start":{"line":25,"column":2},"end":{"line":31,"column":3}},"15":{"start":{"line":26,"column":4},"end":{"line":26,"column":43}},"16":{"start":{"line":26,"column":35},"end":{"line":26,"column":43}},"17":{"start":{"line":27,"column":4},"end":{"line":30,"column":6}},"18":{"start":{"line":33,"column":17},"end":{"line":33,"column":79}},"19":{"start":{"line":34,"column":2},"end":{"line":34,"column":37}},"20":{"start":{"line":38,"column":0},"end":{"line":62,"column":2}},"21":{"start":{"line":39,"column":75},"end":{"line":52,"column":4}},"22":{"start":{"line":54,"column":2},"end":{"line":61,"column":4}},"23":{"start":{"line":64,"column":0},"end":{"line":64,"column":23}}},"fnMap":{"0":{"name":"(anonymous_0)","decl":{"start":{"line":12,"column":16},"end":{"line":12,"column":17}},"loc":{"start":{"line":12,"column":36},"end":{"line":15,"column":1}},"line":12},"1":{"name":"(anonymous_1)","decl":{"start":{"line":18,"column":16},"end":{"line":18,"column":17}},"loc":{"start":{"line":18,"column":36},"end":{"line":35,"column":1}},"line":18},"2":{"name":"(anonymous_2)","decl":{"start":{"line":38,"column":21},"end":{"line":38,"column":22}},"loc":{"start":{"line":38,"column":41},"end":{"line":62,"column":1}},"line":38}},"branchMap":{"0":{"loc":{"start":{"line":21,"column":2},"end":{"line":23,"column":3}},"type":"if","locations":[{"start":{"line":21,"column":2},"end":{"line":23,"column":3}},{"start":{},"end":{}}],"line":21},"1":{"loc":{"start":{"line":21,"column":6},"end":{"line":21,"column":43}},"type":"binary-expr","locations":[{"start":{"line":21,"column":6},"end":{"line":21,"column":15}},{"start":{"line":21,"column":19},"end":{"line":21,"column":43}}],"line":21},"2":{"loc":{"start":{"line":26,"column":4},"end":{"line":26,"column":43}},"type":"if","locations":[{"start":{"line":26,"column":4},"end":{"line":26,"column":43}},{"start":{},"end":{}}],"line":26},"3":{"loc":{"start":{"line":26,"column":8},"end":{"line":26,"column":33}},"type":"binary-expr","locations":[{"start":{"line":26,"column":8},"end":{"line":26,"column":14}},{"start":{"line":26,"column":18},"end":{"line":26,"column":33}}],"line":26}},"s":{"0":4,"1":4,"2":4,"3":4,"4":4,"5":4,"6":4,"7":4,"8":0,"9":0,"10":4,"11":0,"12":0,"13":0,"14":0,"15":0,"16":0,"17":0,"18":0,"19":0,"20":4,"21":0,"22":0,"23":4},"f":{"0":0,"1":0,"2":0},"b":{"0":[0,0],"1":[0,0],"2":[0,0],"3":[0,0]},"_coverageSchema":"1a1c01bbd47fc00a2c39e90264f33305004495a9","hash":"5d9e74a39025c1b0ed6e73db85e2c1a95bed3516"}
,"/home/emreute/Code/e-commerce-platform/backend/routes/admin.js": {"path":"/home/emreute/Code/e-commerce-platform/backend/routes/admin.js","statementMap":{"0":{"start":{"line":1,"column":16},"end":{"line":1,"column":34}},"1":{"start":{"line":2,"column":15},"end":{"line":2,"column":32}},"2":{"start":{"line":3,"column":21},"end":{"line":3,"column":50}},"3":{"start":{"line":4,"column":21},"end":{"line":4,"column":51}},"4":{"start":{"line":5,"column":13},"end":{"line":5,"column":29}},"5":{"start":{"line":7,"column":15},"end":{"line":7,"column":31}},"6":{"start":{"line":10,"column":0},"end":{"line":10,"column":24}},"7":{"start":{"line":11,"column":0},"end":{"line":11,"column":24}},"8":{"start":{"line":14,"column":0},"end":{"line":26,"column":2}},"9":{"start":{"line":15,"column":17},"end":{"line":18,"column":3}},"10":{"start":{"line":19,"column":15},"end":{"line":19,"column":29}},"11":{"start":{"line":21,"column":2},"end":{"line":23,"column":3}},"12":{"start":{"line":22,"column":4},"end":{"line":22,"column":60}},"13":{"start":{"line":25,"column":2},"end":{"line":25,"column":20}},"14":{"start":{"line":31,"column":0},"end":{"line":74,"column":2}},"15":{"start":{"line":32,"column":15},"end":{"line":32,"column":57}},"16":{"start":{"line":33,"column":16},"end":{"line":33,"column":75}},"17":{"start":{"line":34,"column":17},"end":{"line":34,"column":35}},"18":{"start":{"line":35,"column":17},"end":{"line":35,"column":48}},"19":{"start":{"line":36,"column":15},"end":{"line":36,"column":44}},"20":{"start":{"line":38,"column":14},"end":{"line":38,"column":16}},"21":{"start":{"line":39,"column":15},"end":{"line":39,"column":17}},"22":{"start":{"line":40,"column":12},"end":{"line":40,"column":13}},"23":{"start":{"line":42,"column":2},"end":{"line":46,"column":3}},"24":{"start":{"line":43,"column":4},"end":{"line":43,"column":37}},"25":{"start":{"line":44,"column":4},"end":{"line":44,"column":30}},"26":{"start":{"line":45,"column":4},"end":{"line":45,"column":9}},"27":{"start":{"line":48,"column":21},"end":{"line":48,"column":78}},"28":{"start":{"line":49,"column":2},"end":{"line":53,"column":3}},"29":{"start":{"line":50,"column":4},"end":{"line":50,"column":48}},"30":{"start":{"line":51,"column":4},"end":{"line":51,"column":21}},"31":{"start":{"line":52,"column":4},"end":{"line":52,"column":9}},"32":{"start":{"line":55,"column":22},"end":{"line":55,"column":72}},"33":{"start":{"line":57,"column":22},"end":{"line":57,"column":96}},"34":{"start":{"line":58,"column":16},"end":{"line":58,"column":51}},"35":{"start":{"line":60,"column":21},"end":{"line":63,"column":3}},"36":{"start":{"line":65,"column":2},"end":{"line":73,"column":4}},"37":{"start":{"line":77,"column":0},"end":{"line":88,"column":2}},"38":{"start":{"line":78,"column":17},"end":{"line":81,"column":3}},"39":{"start":{"line":83,"column":2},"end":{"line":85,"column":3}},"40":{"start":{"line":84,"column":4},"end":{"line":84,"column":60}},"41":{"start":{"line":87,"column":2},"end":{"line":87,"column":36}},"42":{"start":{"line":91,"column":0},"end":{"line":117,"column":2}},"43":{"start":{"line":92,"column":36},"end":{"line":92,"column":44}},"44":{"start":{"line":94,"column":2},"end":{"line":96,"column":3}},"45":{"start":{"line":95,"column":4},"end":{"line":95,"column":77}},"46":{"start":{"line":98,"column":2},"end":{"line":100,"column":3}},"47":{"start":{"line":99,"column":4},"end":{"line":99,"column":84}},"48":{"start":{"line":102,"column":21},"end":{"line":102,"column":78}},"49":{"start":{"line":103,"column":19},"end":{"line":103,"column":64}},"50":{"start":{"line":105,"column":19},"end":{"line":105,"column":90}},"51":{"start":{"line":106,"column":2},"end":{"line":108,"column":3}},"52":{"start":{"line":107,"column":4},"end":{"line":107,"column":66}},"53":{"start":{"line":110,"column":15},"end":{"line":110,"column":46}},"54":{"start":{"line":111,"column":17},"end":{"line":114,"column":3}},"55":{"start":{"line":116,"column":2},"end":{"line":116,"column":48}},"56":{"start":{"line":120,"column":0},"end":{"line":179,"column":2}},"57":{"start":{"line":121,"column":36},"end":{"line":121,"column":44}},"58":{"start":{"line":122,"column":17},"end":{"line":122,"column":30}},"59":{"start":{"line":124,"column":19},"end":{"line":124,"column":88}},"60":{"start":{"line":125,"column":2},"end":{"line":127,"column":3}},"61":{"start":{"line":126,"column":4},"end":{"line":126,"column":60}},"62":{"start":{"line":130,"column":2},"end":{"line":132,"column":3}},"63":{"start":{"line":131,"column":4},"end":{"line":131,"column":77}},"64":{"start":{"line":134,"column":21},"end":{"line":134,"column":78}},"65":{"start":{"line":135,"column":13},"end":{"line":135,"column":15}},"66":{"start":{"line":136,"column":15},"end":{"line":136,"column":17}},"67":{"start":{"line":137,"column":12},"end":{"line":137,"column":13}},"68":{"start":{"line":139,"column":2},"end":{"line":150,"column":3}},"69":{"start":{"line":140,"column":16},"end":{"line":143,"column":6}},"70":{"start":{"line":144,"column":4},"end":{"line":146,"column":5}},"71":{"start":{"line":145,"column":6},"end":{"line":145,"column":68}},"72":{"start":{"line":147,"column":4},"end":{"line":147,"column":32}},"73":{"start":{"line":148,"column":4},"end":{"line":148,"column":22}},"74":{"start":{"line":149,"column":4},"end":{"line":149,"column":9}},"75":{"start":{"line":152,"column":2},"end":{"line":156,"column":3}},"76":{"start":{"line":153,"column":4},"end":{"line":153,"column":47}},"77":{"start":{"line":154,"column":4},"end":{"line":154,"column":21}},"78":{"start":{"line":155,"column":4},"end":{"line":155,"column":9}},"79":{"start":{"line":158,"column":2},"end":{"line":166,"column":3}},"80":{"start":{"line":159,"column":4},"end":{"line":161,"column":5}},"81":{"start":{"line":160,"column":6},"end":{"line":160,"column":86}},"82":{"start":{"line":162,"column":17},"end":{"line":162,"column":48}},"83":{"start":{"line":163,"column":4},"end":{"line":163,"column":40}},"84":{"start":{"line":164,"column":4},"end":{"line":164,"column":21}},"85":{"start":{"line":165,"column":4},"end":{"line":165,"column":9}},"86":{"start":{"line":168,"column":2},"end":{"line":170,"column":3}},"87":{"start":{"line":169,"column":4},"end":{"line":169,"column":65}},"88":{"start":{"line":172,"column":2},"end":{"line":172,"column":21}},"89":{"start":{"line":173,"column":17},"end":{"line":176,"column":3}},"90":{"start":{"line":178,"column":2},"end":{"line":178,"column":36}},"91":{"start":{"line":182,"column":0},"end":{"line":196,"column":2}},"92":{"start":{"line":183,"column":17},"end":{"line":183,"column":30}},"93":{"start":{"line":186,"column":2},"end":{"line":188,"column":3}},"94":{"start":{"line":187,"column":4},"end":{"line":187,"column":80}},"95":{"start":{"line":190,"column":17},"end":{"line":190,"column":96}},"96":{"start":{"line":191,"column":2},"end":{"line":193,"column":3}},"97":{"start":{"line":192,"column":4},"end":{"line":192,"column":60}},"98":{"start":{"line":195,"column":2},"end":{"line":195,"column":52}},"99":{"start":{"line":198,"column":0},"end":{"line":198,"column":23}}},"fnMap":{"0":{"name":"(anonymous_0)","decl":{"start":{"line":14,"column":18},"end":{"line":14,"column":19}},"loc":{"start":{"line":14,"column":38},"end":{"line":26,"column":1}},"line":14},"1":{"name":"(anonymous_1)","decl":{"start":{"line":31,"column":21},"end":{"line":31,"column":22}},"loc":{"start":{"line":31,"column":41},"end":{"line":74,"column":1}},"line":31},"2":{"name":"(anonymous_2)","decl":{"start":{"line":77,"column":25},"end":{"line":77,"column":26}},"loc":{"start":{"line":77,"column":45},"end":{"line":88,"column":1}},"line":77},"3":{"name":"(anonymous_3)","decl":{"start":{"line":91,"column":22},"end":{"line":91,"column":23}},"loc":{"start":{"line":91,"column":42},"end":{"line":117,"column":1}},"line":91},"4":{"name":"(anonymous_4)","decl":{"start":{"line":120,"column":25},"end":{"line":120,"column":26}},"loc":{"start":{"line":120,"column":45},"end":{"line":179,"column":1}},"line":120},"5":{"name":"(anonymous_5)","decl":{"start":{"line":182,"column":28},"end":{"line":182,"column":29}},"loc":{"start":{"line":182,"column":48},"end":{"line":196,"column":1}},"line":182}},"branchMap":{"0":{"loc":{"start":{"line":21,"column":2},"end":{"line":23,"column":3}},"type":"if","locations":[{"start":{"line":21,"column":2},"end":{"line":23,"column":3}},{"start":{},"end":{}}],"line":21},"1":{"loc":{"start":{"line":32,"column":27},"end":{"line":32,"column":56}},"type":"binary-expr","locations":[{"start":{"line":32,"column":27},"end":{"line":32,"column":51}},{"start":{"line":32,"column":55},"end":{"line":32,"column":56}}],"line":32},"2":{"loc":{"start":{"line":33,"column":42},"end":{"line":33,"column":73}},"type":"binary-expr","locations":[{"start":{"line":33,"column":42},"end":{"line":33,"column":67}},{"start":{"line":33,"column":71},"end":{"line":33,"column":73}}],"line":33},"3":{"loc":{"start":{"line":35,"column":18},"end":{"line":35,"column":40}},"type":"binary-expr","locations":[{"start":{"line":35,"column":18},"end":{"line":35,"column":34}},{"start":{"line":35,"column":38},"end":{"line":35,"column":40}}],"line":35},"4":{"loc":{"start":{"line":36,"column":16},"end":{"line":36,"column":36}},"type":"binary-expr","locations":[{"start":{"line":36,"column":16},"end":{"line":36,"column":30}},{"start":{"line":36,"column":34},"end":{"line":36,"column":36}}],"line":36},"5":{"loc":{"start":{"line":42,"column":2},"end":{"line":46,"column":3}},"type":"if","locations":[{"start":{"line":42,"column":2},"end":{"line":46,"column":3}},{"start":{},"end":{}}],"line":42},"6":{"loc":{"start":{"line":49,"column":2},"end":{"line":53,"column":3}},"type":"if","locations":[{"start":{"line":49,"column":2},"end":{"line":53,"column":3}},{"start":{},"end":{}}],"line":49},"7":{"loc":{"start":{"line":49,"column":6},"end":{"line":49,"column":39}},"type":"binary-expr","locations":[{"start":{"line":49,"column":6},"end":{"line":49,"column":10}},{"start":{"line":49,"column":14},"end":{"line":49,"column":39}}],"line":49},"8":{"loc":{"start":{"line":55,"column":22},"end":{"line":55,"column":72}},"type":"cond-expr","locations":[{"start":{"line":55,"column":37},"end":{"line":55,"column":67}},{"start":{"line":55,"column":70},"end":{"line":55,"column":72}}],"line":55},"9":{"loc":{"start":{"line":83,"column":2},"end":{"line":85,"column":3}},"type":"if","locations":[{"start":{"line":83,"column":2},"end":{"line":85,"column":3}},{"start":{},"end":{}}],"line":83},"10":{"loc":{"start":{"line":94,"column":2},"end":{"line":96,"column":3}},"type":"if","locations":[{"start":{"line":94,"column":2},"end":{"line":96,"column":3}},{"start":{},"end":{}}],"line":94},"11":{"loc":{"start":{"line":94,"column":6},"end":{"line":94,"column":25}},"type":"binary-expr","locations":[{"start":{"line":94,"column":6},"end":{"line":94,"column":12}},{"start":{"line":94,"column":16},"end":{"line":94,"column":25}}],"line":94},"12":{"loc":{"start":{"line":98,"column":2},"end":{"line":100,"column":3}},"type":"if","locations":[{"start":{"line":98,"column":2},"end":{"line":100,"column":3}},{"start":{},"end":{}}],"line":98},"13":{"loc":{"start":{"line":103,"column":19},"end":{"line":103,"column":64}},"type":"cond-expr","locations":[{"start":{"line":103,"column":47},"end":{"line":103,"column":51}},{"start":{"line":103,"column":54},"end":{"line":103,"column":64}}],"line":103},"14":{"loc":{"start":{"line":106,"column":2},"end":{"line":108,"column":3}},"type":"if","locations":[{"start":{"line":106,"column":2},"end":{"line":108,"column":3}},{"start":{},"end":{}}],"line":106},"15":{"loc":{"start":{"line":125,"column":2},"end":{"line":127,"column":3}},"type":"if","locations":[{"start":{"line":125,"column":2},"end":{"line":127,"column":3}},{"start":{},"end":{}}],"line":125},"16":{"loc":{"start":{"line":130,"column":2},"end":{"line":132,"column":3}},"type":"if","locations":[{"start":{"line":130,"column":2},"end":{"line":132,"column":3}},{"start":{},"end":{}}],"line":130},"17":{"loc":{"start":{"line":130,"column":6},"end":{"line":130,"column":70}},"type":"binary-expr","locations":[{"start":{"line":130,"column":6},"end":{"line":130,"column":42}},{"start":{"line":130,"column":46},"end":{"line":130,"column":50}},{"start":{"line":130,"column":54},"end":{"line":130,"column":70}}],"line":130},"18":{"loc":{"start":{"line":139,"column":2},"end":{"line":150,"column":3}},"type":"if","locations":[{"start":{"line":139,"column":2},"end":{"line":150,"column":3}},{"start":{},"end":{}}],"line":139},"19":{"loc":{"start":{"line":144,"column":4},"end":{"line":146,"column":5}},"type":"if","locations":[{"start":{"line":144,"column":4},"end":{"line":146,"column":5}},{"start":{},"end":{}}],"line":144},"20":{"loc":{"start":{"line":152,"column":2},"end":{"line":156,"column":3}},"type":"if","locations":[{"start":{"line":152,"column":2},"end":{"line":156,"column":3}},{"start":{},"end":{}}],"line":152},"21":{"loc":{"start":{"line":152,"column":6},"end":{"line":152,"column":39}},"type":"binary-expr","locations":[{"start":{"line":152,"column":6},"end":{"line":152,"column":10}},{"start":{"line":152,"column":14},"end":{"line":152,"column":39}}],"line":152},"22":{"loc":{"start":{"line":158,"column":2},"end":{"line":166,"column":3}},"type":"if","locations":[{"start":{"line":158,"column":2},"end":{"line":166,"column":3}},{"start":{},"end":{}}],"line":158},"23":{"loc":{"start":{"line":159,"column":4},"end":{"line":161,"column":5}},"type":"if","locations":[{"start":{"line":159,"column":4},"end":{"line":161,"column":5}},{"start":{},"end":{}}],"line":159},"24":{"loc":{"start":{"line":168,"column":2},"end":{"line":170,"column":3}},"type":"if","locations":[{"start":{"line":168,"column":2},"end":{"line":170,"column":3}},{"start":{},"end":{}}],"line":168},"25":{"loc":{"start":{"line":186,"column":2},"end":{"line":188,"column":3}},"type":"if","locations":[{"start":{"line":186,"column":2},"end":{"line":188,"column":3}},{"start":{},"end":{}}],"line":186},"26":{"loc":{"start":{"line":191,"column":2},"end":{"line":193,"column":3}},"type":"if","locations":[{"start":{"line":191,"column":2},"end":{"line":193,"column":3}},{"start":{},"end":{}}],"line":191}},"s":{"0":4,"1":4,"2":4,"3":4,"4":4,"5":4,"6":4,"7":4,"8":4,"9":0,"10":0,"11":0,"12":0,"13":0,"14":4,"15":0,"16":0,"17":0,"18":0,"19":0,"20":0,"21":0,"22":0,"23":0,"24":0,"25":0,"26":0,"27":0,"28":0,"29":0,"30":0,"31":0,"32":0,"33":0,"34":0,"35":0,"36":0,"37":4,"38":0,"39":0,"40":0,"41":0,"42":4,"43":0,"44":0,"45":0,"46":0,"47":0,"48":0,"49":0,"50":0,"51":0,"52":0,"53":0,"54":0,"55":0,"56":4,"57":0,"58":0,"59":0,"60":0,"61":0,"62":0,"63":0,"64":0,"65":0,"66":0,"67":0,"68":0,"69":0,"70":0,"71":0,"72":0,"73":0,"74":0,"75":0,"76":0,"77":0,"78":0,"79":0,"80":0,"81":0,"82":0,"83":0,"84":0,"85":0,"86":0,"87":0,"88":0,"89":0,"90":0,"91":4,"92":0,"93":0,"94":0,"95":0,"96":0,"97":0,"98":0,"99":4},"f":{"0":0,"1":0,"2":0,"3":0,"4":0,"5":0},"b":{"0":[0,0],"1":[0,0],"2":[0,0],"3":[0,0],"4":[0,0],"5":[0,0],"6":[0,0],"7":[0,0],"8":[0,0],"9":[0,0],"10":[0,0],"11":[0,0],"12":[0,0],"13":[0,0],"14":[0,0],"15":[0,0],"16":[0,0],"17":[0,0,0],"18":[0,0],"19":[0,0],"20":[0,0],"21":[0,0],"22":[0,0],"23":[0,0],"24":[0,0],"25":[0,0],"26":[0,0]},"_coverageSchema":"1a1c01bbd47fc00a2c39e90264f33305004495a9","hash":"3ca7fbb0effe79169ca18a0d6e184012af12f04d"}
,"/home/emreute/Code/e-commerce-platform/backend/routes/auth.js": {"path":"/home/emreute/Code/e-commerce-platform/backend/routes/auth.js","statementMap":{"0":{"start":{"line":1,"column":16},"end":{"line":1,"column":34}},"1":{"start":{"line":2,"column":15},"end":{"line":2,"column":32}},"2":{"start":{"line":3,"column":15},"end":{"line":3,"column":32}},"3":{"start":{"line":4,"column":12},"end":{"line":4,"column":35}},"4":{"start":{"line":5,"column":13},"end":{"line":5,"column":29}},"5":{"start":{"line":6,"column":21},"end":{"line":6,"column":50}},"6":{"start":{"line":8,"column":15},"end":{"line":8,"column":31}},"7":{"start":{"line":10,"column":0},"end":{"line":36,"column":2}},"8":{"start":{"line":11,"column":30},"end":{"line":11,"column":38}},"9":{"start":{"line":13,"column":2},"end":{"line":15,"column":3}},"10":{"start":{"line":14,"column":4},"end":{"line":14,"column":77}},"11":{"start":{"line":17,"column":19},"end":{"line":17,"column":90}},"12":{"start":{"line":18,"column":2},"end":{"line":20,"column":3}},"13":{"start":{"line":19,"column":4},"end":{"line":19,"column":66}},"14":{"start":{"line":22,"column":24},"end":{"line":22,"column":55}},"15":{"start":{"line":23,"column":17},"end":{"line":26,"column":3}},"16":{"start":{"line":27,"column":15},"end":{"line":27,"column":29}},"17":{"start":{"line":29,"column":16},"end":{"line":33,"column":3}},"18":{"start":{"line":35,"column":2},"end":{"line":35,"column":33}},"19":{"start":{"line":38,"column":0},"end":{"line":67,"column":2}},"20":{"start":{"line":39,"column":30},"end":{"line":39,"column":38}},"21":{"start":{"line":41,"column":2},"end":{"line":43,"column":3}},"22":{"start":{"line":42,"column":4},"end":{"line":42,"column":77}},"23":{"start":{"line":45,"column":17},"end":{"line":48,"column":3}},"24":{"start":{"line":49,"column":15},"end":{"line":49,"column":29}},"25":{"start":{"line":51,"column":2},"end":{"line":53,"column":3}},"26":{"start":{"line":52,"column":4},"end":{"line":52,"column":65}},"27":{"start":{"line":55,"column":16},"end":{"line":55,"column":66}},"28":{"start":{"line":56,"column":2},"end":{"line":58,"column":3}},"29":{"start":{"line":57,"column":4},"end":{"line":57,"column":65}},"30":{"start":{"line":60,"column":16},"end":{"line":64,"column":3}},"31":{"start":{"line":66,"column":2},"end":{"line":66,"column":33}},"32":{"start":{"line":70,"column":0},"end":{"line":102,"column":2}},"33":{"start":{"line":71,"column":43},"end":{"line":71,"column":51}},"34":{"start":{"line":73,"column":2},"end":{"line":75,"column":3}},"35":{"start":{"line":74,"column":4},"end":{"line":74,"column":92}},"36":{"start":{"line":77,"column":2},"end":{"line":79,"column":3}},"37":{"start":{"line":78,"column":4},"end":{"line":78,"column":88}},"38":{"start":{"line":81,"column":17},"end":{"line":83,"column":4}},"39":{"start":{"line":84,"column":15},"end":{"line":84,"column":29}},"40":{"start":{"line":86,"column":2},"end":{"line":88,"column":3}},"41":{"start":{"line":87,"column":4},"end":{"line":87,"column":60}},"42":{"start":{"line":90,"column":16},"end":{"line":90,"column":73}},"43":{"start":{"line":91,"column":2},"end":{"line":93,"column":3}},"44":{"start":{"line":92,"column":4},"end":{"line":92,"column":75}},"45":{"start":{"line":95,"column":18},"end":{"line":95,"column":52}},"46":{"start":{"line":96,"column":2},"end":{"line":99,"column":4}},"47":{"start":{"line":101,"column":2},"end":{"line":101,"column":56}},"48":{"start":{"line":105,"column":0},"end":{"line":130,"column":2}},"49":{"start":{"line":106,"column":20},"end":{"line":106,"column":28}},"50":{"start":{"line":108,"column":2},"end":{"line":110,"column":3}},"51":{"start":{"line":109,"column":4},"end":{"line":109,"column":63}},"52":{"start":{"line":113,"column":17},"end":{"line":113,"column":88}},"53":{"start":{"line":114,"column":15},"end":{"line":114,"column":29}},"54":{"start":{"line":116,"column":2},"end":{"line":127,"column":3}},"55":{"start":{"line":117,"column":18},"end":{"line":117,"column":56}},"56":{"start":{"line":118,"column":22},"end":{"line":118,"column":59}},"57":{"start":{"line":120,"column":4},"end":{"line":123,"column":5}},"58":{"start":{"line":126,"column":4},"end":{"line":126,"column":97}},"59":{"start":{"line":129,"column":2},"end":{"line":129,"column":83}},"60":{"start":{"line":133,"column":0},"end":{"line":161,"column":2}},"61":{"start":{"line":134,"column":33},"end":{"line":134,"column":41}},"62":{"start":{"line":136,"column":2},"end":{"line":138,"column":3}},"63":{"start":{"line":137,"column":4},"end":{"line":137,"column":81}},"64":{"start":{"line":140,"column":2},"end":{"line":142,"column":3}},"65":{"start":{"line":141,"column":4},"end":{"line":141,"column":84}},"66":{"start":{"line":144,"column":17},"end":{"line":147,"column":3}},"67":{"start":{"line":148,"column":15},"end":{"line":148,"column":29}},"68":{"start":{"line":150,"column":2},"end":{"line":152,"column":3}},"69":{"start":{"line":151,"column":4},"end":{"line":151,"column":76}},"70":{"start":{"line":154,"column":15},"end":{"line":154,"column":49}},"71":{"start":{"line":155,"column":2},"end":{"line":158,"column":3}},"72":{"start":{"line":160,"column":2},"end":{"line":160,"column":63}},"73":{"start":{"line":163,"column":0},"end":{"line":163,"column":23}}},"fnMap":{"0":{"name":"(anonymous_0)","decl":{"start":{"line":10,"column":25},"end":{"line":10,"column":26}},"loc":{"start":{"line":10,"column":45},"end":{"line":36,"column":1}},"line":10},"1":{"name":"(anonymous_1)","decl":{"start":{"line":38,"column":22},"end":{"line":38,"column":23}},"loc":{"start":{"line":38,"column":42},"end":{"line":67,"column":1}},"line":38},"2":{"name":"(anonymous_2)","decl":{"start":{"line":70,"column":45},"end":{"line":70,"column":46}},"loc":{"start":{"line":70,"column":65},"end":{"line":102,"column":1}},"line":70},"3":{"name":"(anonymous_3)","decl":{"start":{"line":105,"column":32},"end":{"line":105,"column":33}},"loc":{"start":{"line":105,"column":52},"end":{"line":130,"column":1}},"line":105},"4":{"name":"(anonymous_4)","decl":{"start":{"line":133,"column":31},"end":{"line":133,"column":32}},"loc":{"start":{"line":133,"column":51},"end":{"line":161,"column":1}},"line":133}},"branchMap":{"0":{"loc":{"start":{"line":13,"column":2},"end":{"line":15,"column":3}},"type":"if","locations":[{"start":{"line":13,"column":2},"end":{"line":15,"column":3}},{"start":{},"end":{}}],"line":13},"1":{"loc":{"start":{"line":13,"column":6},"end":{"line":13,"column":25}},"type":"binary-expr","locations":[{"start":{"line":13,"column":6},"end":{"line":13,"column":12}},{"start":{"line":13,"column":16},"end":{"line":13,"column":25}}],"line":13},"2":{"loc":{"start":{"line":18,"column":2},"end":{"line":20,"column":3}},"type":"if","locations":[{"start":{"line":18,"column":2},"end":{"line":20,"column":3}},{"start":{},"end":{}}],"line":18},"3":{"loc":{"start":{"line":41,"column":2},"end":{"line":43,"column":3}},"type":"if","locations":[{"start":{"line":41,"column":2},"end":{"line":43,"column":3}},{"start":{},"end":{}}],"line":41},"4":{"loc":{"start":{"line":41,"column":6},"end":{"line":41,"column":25}},"type":"binary-expr","locations":[{"start":{"line":41,"column":6},"end":{"line":41,"column":12}},{"start":{"line":41,"column":16},"end":{"line":41,"column":25}}],"line":41},"5":{"loc":{"start":{"line":51,"column":2},"end":{"line":53,"column":3}},"type":"if","locations":[{"start":{"line":51,"column":2},"end":{"line":53,"column":3}},{"start":{},"end":{}}],"line":51},"6":{"loc":{"start":{"line":56,"column":2},"end":{"line":58,"column":3}},"type":"if","locations":[{"start":{"line":56,"column":2},"end":{"line":58,"column":3}},{"start":{},"end":{}}],"line":56},"7":{"loc":{"start":{"line":73,"column":2},"end":{"line":75,"column":3}},"type":"if","locations":[{"start":{"line":73,"column":2},"end":{"line":75,"column":3}},{"start":{},"end":{}}],"line":73},"8":{"loc":{"start":{"line":73,"column":6},"end":{"line":73,"column":38}},"type":"binary-expr","locations":[{"start":{"line":73,"column":6},"end":{"line":73,"column":22}},{"start":{"line":73,"column":26},"end":{"line":73,"column":38}}],"line":73},"9":{"loc":{"start":{"line":77,"column":2},"end":{"line":79,"column":3}},"type":"if","locations":[{"start":{"line":77,"column":2},"end":{"line":79,"column":3}},{"start":{},"end":{}}],"line":77},"10":{"loc":{"start":{"line":86,"column":2},"end":{"line":88,"column":3}},"type":"if","locations":[{"start":{"line":86,"column":2},"end":{"line":88,"column":3}},{"start":{},"end":{}}],"line":86},"11":{"loc":{"start":{"line":91,"column":2},"end":{"line":93,"column":3}},"type":"if","locations":[{"start":{"line":91,"column":2},"end":{"line":93,"column":3}},{"start":{},"end":{}}],"line":91},"12":{"loc":{"start":{"line":108,"column":2},"end":{"line":110,"column":3}},"type":"if","locations":[{"start":{"line":108,"column":2},"end":{"line":110,"column":3}},{"start":{},"end":{}}],"line":108},"13":{"loc":{"start":{"line":116,"column":2},"end":{"line":127,"column":3}},"type":"if","locations":[{"start":{"line":116,"column":2},"end":{"line":127,"column":3}},{"start":{},"end":{}}],"line":116},"14":{"loc":{"start":{"line":136,"column":2},"end":{"line":138,"column":3}},"type":"if","locations":[{"start":{"line":136,"column":2},"end":{"line":138,"column":3}},{"start":{},"end":{}}],"line":136},"15":{"loc":{"start":{"line":136,"column":6},"end":{"line":136,"column":28}},"type":"binary-expr","locations":[{"start":{"line":136,"column":6},"end":{"line":136,"column":12}},{"start":{"line":136,"column":16},"end":{"line":136,"column":28}}],"line":136},"16":{"loc":{"start":{"line":140,"column":2},"end":{"line":142,"column":3}},"type":"if","locations":[{"start":{"line":140,"column":2},"end":{"line":142,"column":3}},{"start":{},"end":{}}],"line":140},"17":{"loc":{"start":{"line":150,"column":2},"end":{"line":152,"column":3}},"type":"if","locations":[{"start":{"line":150,"column":2},"end":{"line":152,"column":3}},{"start":{},"end":{}}],"line":150}},"s":{"0":4,"1":4,"2":4,"3":4,"4":4,"5":4,"6":4,"7":4,"8":3,"9":3,"10":1,"11":2,"12":2,"13":1,"14":1,"15":1,"16":1,"17":1,"18":1,"19":4,"20":4,"21":4,"22":1,"23":3,"24":3,"25":3,"26":1,"27":2,"28":2,"29":1,"30":1,"31":1,"32":4,"33":0,"34":0,"35":0,"36":0,"37":0,"38":0,"39":0,"40":0,"41":0,"42":0,"43":0,"44":0,"45":0,"46":0,"47":0,"48":4,"49":0,"50":0,"51":0,"52":0,"53":0,"54":0,"55":0,"56":0,"57":0,"58":0,"59":0,"60":4,"61":0,"62":0,"63":0,"64":0,"65":0,"66":0,"67":0,"68":0,"69":0,"70":0,"71":0,"72":0,"73":4},"f":{"0":3,"1":4,"2":0,"3":0,"4":0},"b":{"0":[1,2],"1":[3,3],"2":[1,1],"3":[1,3],"4":[4,4],"5":[1,2],"6":[1,1],"7":[0,0],"8":[0,0],"9":[0,0],"10":[0,0],"11":[0,0],"12":[0,0],"13":[0,0],"14":[0,0],"15":[0,0],"16":[0,0],"17":[0,0]},"_coverageSchema":"1a1c01bbd47fc00a2c39e90264f33305004495a9","hash":"baba6059a1d876e1d39e64660514fb0e4a10a5de"}
,"/home/emreute/Code/e-commerce-platform/backend/routes/cart.js": {"path":"/home/emreute/Code/e-commerce-platform/backend/routes/cart.js","statementMap":{"0":{"start":{"line":1,"column":16},"end":{"line":1,"column":34}},"1":{"start":{"line":2,"column":21},"end":{"line":2,"column":50}},"2":{"start":{"line":3,"column":13},"end":{"line":3,"column":29}},"3":{"start":{"line":5,"column":15},"end":{"line":5,"column":31}},"4":{"start":{"line":6,"column":0},"end":{"line":6,"column":24}},"5":{"start":{"line":9,"column":17},"end":{"line":16,"column":3}},"6":{"start":{"line":17,"column":2},"end":{"line":17,"column":20}},"7":{"start":{"line":21,"column":0},"end":{"line":24,"column":2}},"8":{"start":{"line":22,"column":16},"end":{"line":22,"column":48}},"9":{"start":{"line":23,"column":2},"end":{"line":23,"column":21}},"10":{"start":{"line":27,"column":0},"end":{"line":46,"column":2}},"11":{"start":{"line":28,"column":38},"end":{"line":28,"column":46}},"12":{"start":{"line":29,"column":2},"end":{"line":29,"column":81}},"13":{"start":{"line":29,"column":18},"end":{"line":29,"column":81}},"14":{"start":{"line":30,"column":2},"end":{"line":31,"column":81}},"15":{"start":{"line":31,"column":4},"end":{"line":31,"column":81}},"16":{"start":{"line":33,"column":18},"end":{"line":33,"column":88}},"17":{"start":{"line":34,"column":2},"end":{"line":34,"column":92}},"18":{"start":{"line":34,"column":33},"end":{"line":34,"column":92}},"19":{"start":{"line":36,"column":2},"end":{"line":42,"column":3}},"20":{"start":{"line":44,"column":16},"end":{"line":44,"column":48}},"21":{"start":{"line":45,"column":2},"end":{"line":45,"column":21}},"22":{"start":{"line":49,"column":0},"end":{"line":62,"column":2}},"23":{"start":{"line":50,"column":23},"end":{"line":50,"column":31}},"24":{"start":{"line":51,"column":2},"end":{"line":52,"column":81}},"25":{"start":{"line":52,"column":4},"end":{"line":52,"column":81}},"26":{"start":{"line":54,"column":2},"end":{"line":58,"column":4}},"27":{"start":{"line":60,"column":16},"end":{"line":60,"column":48}},"28":{"start":{"line":61,"column":2},"end":{"line":61,"column":21}},"29":{"start":{"line":65,"column":0},"end":{"line":73,"column":2}},"30":{"start":{"line":66,"column":2},"end":{"line":69,"column":4}},"31":{"start":{"line":71,"column":16},"end":{"line":71,"column":48}},"32":{"start":{"line":72,"column":2},"end":{"line":72,"column":21}},"33":{"start":{"line":76,"column":0},"end":{"line":79,"column":2}},"34":{"start":{"line":77,"column":2},"end":{"line":77,"column":82}},"35":{"start":{"line":78,"column":2},"end":{"line":78,"column":25}},"36":{"start":{"line":81,"column":0},"end":{"line":81,"column":23}}},"fnMap":{"0":{"name":"fetchCart","decl":{"start":{"line":8,"column":15},"end":{"line":8,"column":24}},"loc":{"start":{"line":8,"column":33},"end":{"line":18,"column":1}},"line":8},"1":{"name":"(anonymous_1)","decl":{"start":{"line":21,"column":16},"end":{"line":21,"column":17}},"loc":{"start":{"line":21,"column":36},"end":{"line":24,"column":1}},"line":21},"2":{"name":"(anonymous_2)","decl":{"start":{"line":27,"column":17},"end":{"line":27,"column":18}},"loc":{"start":{"line":27,"column":37},"end":{"line":46,"column":1}},"line":27},"3":{"name":"(anonymous_3)","decl":{"start":{"line":49,"column":26},"end":{"line":49,"column":27}},"loc":{"start":{"line":49,"column":46},"end":{"line":62,"column":1}},"line":49},"4":{"name":"(anonymous_4)","decl":{"start":{"line":65,"column":29},"end":{"line":65,"column":30}},"loc":{"start":{"line":65,"column":49},"end":{"line":73,"column":1}},"line":65},"5":{"name":"(anonymous_5)","decl":{"start":{"line":76,"column":19},"end":{"line":76,"column":20}},"loc":{"start":{"line":76,"column":39},"end":{"line":79,"column":1}},"line":76}},"branchMap":{"0":{"loc":{"start":{"line":28,"column":21},"end":{"line":28,"column":33}},"type":"default-arg","locations":[{"start":{"line":28,"column":32},"end":{"line":28,"column":33}}],"line":28},"1":{"loc":{"start":{"line":29,"column":2},"end":{"line":29,"column":81}},"type":"if","locations":[{"start":{"line":29,"column":2},"end":{"line":29,"column":81}},{"start":{},"end":{}}],"line":29},"2":{"loc":{"start":{"line":30,"column":2},"end":{"line":31,"column":81}},"type":"if","locations":[{"start":{"line":30,"column":2},"end":{"line":31,"column":81}},{"start":{},"end":{}}],"line":30},"3":{"loc":{"start":{"line":30,"column":6},"end":{"line":30,"column":49}},"type":"binary-expr","locations":[{"start":{"line":30,"column":6},"end":{"line":30,"column":33}},{"start":{"line":30,"column":37},"end":{"line":30,"column":49}}],"line":30},"4":{"loc":{"start":{"line":34,"column":2},"end":{"line":34,"column":92}},"type":"if","locations":[{"start":{"line":34,"column":2},"end":{"line":34,"column":92}},{"start":{},"end":{}}],"line":34},"5":{"loc":{"start":{"line":51,"column":2},"end":{"line":52,"column":81}},"type":"if","locations":[{"start":{"line":51,"column":2},"end":{"line":52,"column":81}},{"start":{},"end":{}}],"line":51},"6":{"loc":{"start":{"line":51,"column":6},"end":{"line":51,"column":49}},"type":"binary-expr","locations":[{"start":{"line":51,"column":6},"end":{"line":51,"column":33}},{"start":{"line":51,"column":37},"end":{"line":51,"column":49}}],"line":51}},"s":{"0":4,"1":4,"2":4,"3":4,"4":4,"5":6,"6":5,"7":4,"8":3,"9":2,"10":4,"11":5,"12":5,"13":1,"14":4,"15":1,"16":3,"17":2,"18":1,"19":1,"20":1,"21":1,"22":4,"23":3,"24":3,"25":1,"26":2,"27":1,"28":1,"29":4,"30":2,"31":1,"32":1,"33":4,"34":0,"35":0,"36":4},"f":{"0":6,"1":3,"2":5,"3":3,"4":2,"5":0},"b":{"0":[3],"1":[1,4],"2":[1,3],"3":[4,4],"4":[1,1],"5":[1,2],"6":[3,3]},"_coverageSchema":"1a1c01bbd47fc00a2c39e90264f33305004495a9","hash":"f827a6ba8274f4805cce52ed379db0f62fa8c699"}
,"/home/emreute/Code/e-commerce-platform/backend/routes/checkout.js": {"path":"/home/emreute/Code/e-commerce-platform/backend/routes/checkout.js","statementMap":{"0":{"start":{"line":1,"column":16},"end":{"line":1,"column":34}},"1":{"start":{"line":2,"column":21},"end":{"line":2,"column":50}},"2":{"start":{"line":3,"column":13},"end":{"line":3,"column":29}},"3":{"start":{"line":5,"column":15},"end":{"line":5,"column":31}},"4":{"start":{"line":6,"column":0},"end":{"line":6,"column":24}},"5":{"start":{"line":8,"column":28},"end":{"line":8,"column":30}},"6":{"start":{"line":13,"column":0},"end":{"line":98,"column":2}},"7":{"start":{"line":14,"column":17},"end":{"line":14,"column":32}},"8":{"start":{"line":16,"column":21},"end":{"line":19,"column":3}},"9":{"start":{"line":21,"column":2},"end":{"line":23,"column":3}},"10":{"start":{"line":22,"column":4},"end":{"line":22,"column":59}},"11":{"start":{"line":25,"column":20},"end":{"line":25,"column":74}},"12":{"start":{"line":26,"column":22},"end":{"line":26,"column":24}},"13":{"start":{"line":28,"column":17},"end":{"line":28,"column":37}},"14":{"start":{"line":29,"column":2},"end":{"line":97,"column":3}},"15":{"start":{"line":30,"column":4},"end":{"line":30,"column":31}},"16":{"start":{"line":32,"column":4},"end":{"line":73,"column":5}},"17":{"start":{"line":34,"column":6},"end":{"line":37,"column":7}},"18":{"start":{"line":39,"column":28},"end":{"line":42,"column":7}},"19":{"start":{"line":44,"column":6},"end":{"line":52,"column":7}},"20":{"start":{"line":45,"column":8},"end":{"line":50,"column":10}},"21":{"start":{"line":51,"column":8},"end":{"line":51,"column":16}},"22":{"start":{"line":54,"column":30},"end":{"line":54,"column":51}},"23":{"start":{"line":56,"column":29},"end":{"line":61,"column":7}},"24":{"start":{"line":62,"column":31},"end":{"line":62,"column":72}},"25":{"start":{"line":63,"column":24},"end":{"line":63,"column":48}},"26":{"start":{"line":65,"column":6},"end":{"line":72,"column":7}},"27":{"start":{"line":66,"column":8},"end":{"line":71,"column":10}},"28":{"start":{"line":75,"column":4},"end":{"line":78,"column":5}},"29":{"start":{"line":76,"column":6},"end":{"line":76,"column":36}},"30":{"start":{"line":77,"column":6},"end":{"line":77,"column":88}},"31":{"start":{"line":80,"column":4},"end":{"line":88,"column":5}},"32":{"start":{"line":81,"column":6},"end":{"line":87,"column":7}},"33":{"start":{"line":90,"column":4},"end":{"line":90,"column":32}},"34":{"start":{"line":91,"column":4},"end":{"line":91,"column":53}},"35":{"start":{"line":93,"column":4},"end":{"line":93,"column":34}},"36":{"start":{"line":94,"column":4},"end":{"line":94,"column":13}},"37":{"start":{"line":96,"column":4},"end":{"line":96,"column":20}},"38":{"start":{"line":101,"column":0},"end":{"line":104,"column":2}},"39":{"start":{"line":102,"column":2},"end":{"line":102,"column":90}},"40":{"start":{"line":103,"column":2},"end":{"line":103,"column":47}},"41":{"start":{"line":108,"column":0},"end":{"line":173,"column":2}},"42":{"start":{"line":109,"column":17},"end":{"line":109,"column":32}},"43":{"start":{"line":110,"column":18},"end":{"line":110,"column":57}},"44":{"start":{"line":112,"column":23},"end":{"line":115,"column":3}},"45":{"start":{"line":117,"column":2},"end":{"line":119,"column":3}},"46":{"start":{"line":118,"column":4},"end":{"line":118,"column":91}},"47":{"start":{"line":121,"column":21},"end":{"line":127,"column":3}},"48":{"start":{"line":129,"column":2},"end":{"line":131,"column":3}},"49":{"start":{"line":130,"column":4},"end":{"line":130,"column":59}},"50":{"start":{"line":133,"column":17},"end":{"line":133,"column":37}},"51":{"start":{"line":134,"column":2},"end":{"line":172,"column":3}},"52":{"start":{"line":135,"column":4},"end":{"line":135,"column":31}},"53":{"start":{"line":137,"column":4},"end":{"line":142,"column":5}},"54":{"start":{"line":138,"column":6},"end":{"line":141,"column":7}},"55":{"start":{"line":144,"column":18},"end":{"line":147,"column":5}},"56":{"start":{"line":145,"column":21},"end":{"line":145,"column":65}},"57":{"start":{"line":149,"column":24},"end":{"line":152,"column":5}},"58":{"start":{"line":153,"column":20},"end":{"line":153,"column":42}},"59":{"start":{"line":155,"column":4},"end":{"line":160,"column":5}},"60":{"start":{"line":156,"column":6},"end":{"line":159,"column":7}},"61":{"start":{"line":162,"column":4},"end":{"line":162,"column":77}},"62":{"start":{"line":163,"column":4},"end":{"line":163,"column":85}},"63":{"start":{"line":165,"column":4},"end":{"line":165,"column":32}},"64":{"start":{"line":166,"column":4},"end":{"line":166,"column":35}},"65":{"start":{"line":168,"column":4},"end":{"line":168,"column":34}},"66":{"start":{"line":169,"column":4},"end":{"line":169,"column":13}},"67":{"start":{"line":171,"column":4},"end":{"line":171,"column":20}},"68":{"start":{"line":175,"column":0},"end":{"line":175,"column":23}}},"fnMap":{"0":{"name":"(anonymous_0)","decl":{"start":{"line":13,"column":24},"end":{"line":13,"column":25}},"loc":{"start":{"line":13,"column":44},"end":{"line":98,"column":1}},"line":13},"1":{"name":"(anonymous_1)","decl":{"start":{"line":101,"column":26},"end":{"line":101,"column":27}},"loc":{"start":{"line":101,"column":46},"end":{"line":104,"column":1}},"line":101},"2":{"name":"(anonymous_2)","decl":{"start":{"line":108,"column":24},"end":{"line":108,"column":25}},"loc":{"start":{"line":108,"column":44},"end":{"line":173,"column":1}},"line":108},"3":{"name":"(anonymous_3)","decl":{"start":{"line":145,"column":6},"end":{"line":145,"column":7}},"loc":{"start":{"line":145,"column":21},"end":{"line":145,"column":65}},"line":145}},"branchMap":{"0":{"loc":{"start":{"line":21,"column":2},"end":{"line":23,"column":3}},"type":"if","locations":[{"start":{"line":21,"column":2},"end":{"line":23,"column":3}},{"start":{},"end":{}}],"line":21},"1":{"loc":{"start":{"line":44,"column":6},"end":{"line":52,"column":7}},"type":"if","locations":[{"start":{"line":44,"column":6},"end":{"line":52,"column":7}},{"start":{},"end":{}}],"line":44},"2":{"loc":{"start":{"line":65,"column":6},"end":{"line":72,"column":7}},"type":"if","locations":[{"start":{"line":65,"column":6},"end":{"line":72,"column":7}},{"start":{},"end":{}}],"line":65},"3":{"loc":{"start":{"line":75,"column":4},"end":{"line":78,"column":5}},"type":"if","locations":[{"start":{"line":75,"column":4},"end":{"line":78,"column":5}},{"start":{},"end":{}}],"line":75},"4":{"loc":{"start":{"line":110,"column":18},"end":{"line":110,"column":57}},"type":"binary-expr","locations":[{"start":{"line":110,"column":18},"end":{"line":110,"column":49}},{"start":{"line":110,"column":53},"end":{"line":110,"column":57}}],"line":110},"5":{"loc":{"start":{"line":110,"column":19},"end":{"line":110,"column":41}},"type":"binary-expr","locations":[{"start":{"line":110,"column":19},"end":{"line":110,"column":35}},{"start":{"line":110,"column":39},"end":{"line":110,"column":41}}],"line":110},"6":{"loc":{"start":{"line":117,"column":2},"end":{"line":119,"column":3}},"type":"if","locations":[{"start":{"line":117,"column":2},"end":{"line":119,"column":3}},{"start":{},"end":{}}],"line":117},"7":{"loc":{"start":{"line":129,"column":2},"end":{"line":131,"column":3}},"type":"if","locations":[{"start":{"line":129,"column":2},"end":{"line":131,"column":3}},{"start":{},"end":{}}],"line":129}},"s":{"0":4,"1":4,"2":4,"3":4,"4":4,"5":4,"6":4,"7":7,"8":7,"9":6,"10":1,"11":5,"12":5,"13":5,"14":5,"15":5,"16":5,"17":5,"18":5,"19":5,"20":1,"21":1,"22":4,"23":4,"24":4,"25":4,"26":4,"27":3,"28":5,"29":4,"30":4,"31":1,"32":1,"33":1,"34":1,"35":0,"36":0,"37":5,"38":4,"39":2,"40":1,"41":4,"42":5,"43":5,"44":5,"45":4,"46":1,"47":3,"48":3,"49":1,"50":2,"51":2,"52":2,"53":2,"54":2,"55":2,"56":2,"57":2,"58":2,"59":2,"60":2,"61":2,"62":2,"63":2,"64":2,"65":0,"66":0,"67":2,"68":4},"f":{"0":7,"1":2,"2":5,"3":2},"b":{"0":[1,5],"1":[1,4],"2":[3,1],"3":[4,1],"4":[5,1],"5":[5,1],"6":[1,3],"7":[1,2]},"_coverageSchema":"1a1c01bbd47fc00a2c39e90264f33305004495a9","hash":"2b8e2024d7668c01d958da8305793cc99adaec3f"}
,"/home/emreute/Code/e-commerce-platform/backend/routes/products.js": {"path":"/home/emreute/Code/e-commerce-platform/backend/routes/products.js","statementMap":{"0":{"start":{"line":1,"column":16},"end":{"line":1,"column":34}},"1":{"start":{"line":2,"column":13},"end":{"line":2,"column":29}},"2":{"start":{"line":4,"column":15},"end":{"line":4,"column":31}},"3":{"start":{"line":7,"column":0},"end":{"line":36,"column":2}},"4":{"start":{"line":8,"column":19},"end":{"line":8,"column":52}},"5":{"start":{"line":9,"column":16},"end":{"line":9,"column":75}},"6":{"start":{"line":11,"column":14},"end":{"line":11,"column":16}},"7":{"start":{"line":12,"column":15},"end":{"line":12,"column":17}},"8":{"start":{"line":13,"column":12},"end":{"line":13,"column":13}},"9":{"start":{"line":15,"column":2},"end":{"line":19,"column":3}},"10":{"start":{"line":16,"column":4},"end":{"line":16,"column":38}},"11":{"start":{"line":17,"column":4},"end":{"line":17,"column":25}},"12":{"start":{"line":18,"column":4},"end":{"line":18,"column":9}},"13":{"start":{"line":21,"column":22},"end":{"line":21,"column":72}},"14":{"start":{"line":23,"column":17},"end":{"line":33,"column":3}},"15":{"start":{"line":35,"column":2},"end":{"line":35,"column":37}},"16":{"start":{"line":38,"column":0},"end":{"line":38,"column":23}}},"fnMap":{"0":{"name":"(anonymous_0)","decl":{"start":{"line":7,"column":16},"end":{"line":7,"column":17}},"loc":{"start":{"line":7,"column":36},"end":{"line":36,"column":1}},"line":7}},"branchMap":{"0":{"loc":{"start":{"line":8,"column":20},"end":{"line":8,"column":44}},"type":"binary-expr","locations":[{"start":{"line":8,"column":20},"end":{"line":8,"column":38}},{"start":{"line":8,"column":42},"end":{"line":8,"column":44}}],"line":8},"1":{"loc":{"start":{"line":9,"column":42},"end":{"line":9,"column":73}},"type":"binary-expr","locations":[{"start":{"line":9,"column":42},"end":{"line":9,"column":67}},{"start":{"line":9,"column":71},"end":{"line":9,"column":73}}],"line":9},"2":{"loc":{"start":{"line":15,"column":2},"end":{"line":19,"column":3}},"type":"if","locations":[{"start":{"line":15,"column":2},"end":{"line":19,"column":3}},{"start":{},"end":{}}],"line":15},"3":{"loc":{"start":{"line":21,"column":22},"end":{"line":21,"column":72}},"type":"cond-expr","locations":[{"start":{"line":21,"column":37},"end":{"line":21,"column":67}},{"start":{"line":21,"column":70},"end":{"line":21,"column":72}}],"line":21}},"s":{"0":4,"1":4,"2":4,"3":4,"4":11,"5":11,"6":11,"7":11,"8":11,"9":11,"10":1,"11":1,"12":1,"13":11,"14":11,"15":10,"16":4},"f":{"0":11},"b":{"0":[11,10],"1":[11,9],"2":[1,10],"3":[1,10]},"_coverageSchema":"1a1c01bbd47fc00a2c39e90264f33305004495a9","hash":"98202f3d40b95df9695b3c840c5a3325b82f7b3a"}
}
