TN:
SF:app.js
FN:28,(anonymous_0)
FNF:1
FNH:1
FNDA:8,(anonymous_0)
DA:1,4
DA:2,4
DA:4,4
DA:5,4
DA:6,4
DA:7,4
DA:8,4
DA:9,4
DA:10,4
DA:11,4
DA:13,4
DA:15,4
DA:16,4
DA:18,4
DA:19,4
DA:20,4
DA:21,4
DA:22,4
DA:23,4
DA:24,4
DA:25,4
DA:28,4
DA:29,8
DA:30,8
DA:33,4
LF:25
LH:25
BRF:0
BRH:0
end_of_record
TN:
SF:middleware/admin.js
FN:1,requireAdmin
FNF:1
FNH:0
FNDA:0,requireAdmin
DA:2,0
DA:3,0
DA:5,0
DA:8,4
LF:4
LH:1
BRDA:2,0,0,0
BRDA:2,0,1,0
BRDA:2,1,0,0
BRDA:2,1,1,0
BRF:4
BRH:0
end_of_record
TN:
SF:middleware/auth.js
FN:3,authenticate
FNF:1
FNH:1
FNDA:34,authenticate
DA:1,4
DA:4,34
DA:5,34
DA:6,7
DA:9,27
DA:10,27
DA:11,27
DA:12,27
DA:13,27
DA:15,0
DA:19,4
LF:11
LH:10
BRDA:5,0,0,7
BRDA:5,0,1,27
BRDA:5,1,0,34
BRDA:5,1,1,27
BRF:4
BRH:4
end_of_record
TN:
SF:routes/admin-orders.js
FN:14,(anonymous_0)
FN:63,(anonymous_1)
FN:88,(anonymous_2)
FN:107,(anonymous_3)
FNF:4
FNH:0
FNDA:0,(anonymous_0)
FNDA:0,(anonymous_1)
FNDA:0,(anonymous_2)
FNDA:0,(anonymous_3)
DA:1,4
DA:2,4
DA:3,4
DA:4,4
DA:6,4
DA:8,4
DA:9,4
DA:11,4
DA:14,4
DA:15,0
DA:16,0
DA:17,0
DA:18,0
DA:19,0
DA:21,0
DA:22,0
DA:23,0
DA:25,0
DA:26,0
DA:27,0
DA:28,0
DA:31,0
DA:32,0
DA:33,0
DA:34,0
DA:37,0
DA:39,0
DA:43,0
DA:45,0
DA:56,0
DA:63,4
DA:64,0
DA:73,0
DA:75,0
DA:84,0
DA:88,4
DA:89,0
DA:91,0
DA:92,0
DA:95,0
DA:101,0
DA:103,0
DA:107,4
DA:108,0
DA:109,0
DA:110,0
DA:113,4
LF:47
LH:13
BRDA:15,0,0,0
BRDA:15,0,1,0
BRDA:16,1,0,0
BRDA:16,1,1,0
BRDA:18,2,0,0
BRDA:18,2,1,0
BRDA:19,3,0,0
BRDA:19,3,1,0
BRDA:25,4,0,0
BRDA:25,4,1,0
BRDA:25,5,0,0
BRDA:25,5,1,0
BRDA:31,6,0,0
BRDA:31,6,1,0
BRDA:37,7,0,0
BRDA:37,7,1,0
BRDA:73,8,0,0
BRDA:73,8,1,0
BRDA:91,9,0,0
BRDA:91,9,1,0
BRDA:91,10,0,0
BRDA:91,10,1,0
BRDA:101,11,0,0
BRDA:101,11,1,0
BRDA:109,12,0,0
BRDA:109,12,1,0
BRF:26
BRH:0
end_of_record
TN:
SF:routes/admin-products.js
FN:12,(anonymous_0)
FN:53,(anonymous_1)
FN:57,(anonymous_2)
FN:61,(anonymous_3)
FN:68,(anonymous_4)
FN:97,(anonymous_5)
FN:154,(anonymous_6)
FNF:7
FNH:0
FNDA:0,(anonymous_0)
FNDA:0,(anonymous_1)
FNDA:0,(anonymous_2)
FNDA:0,(anonymous_3)
FNDA:0,(anonymous_4)
FNDA:0,(anonymous_5)
FNDA:0,(anonymous_6)
DA:1,4
DA:2,4
DA:3,4
DA:4,4
DA:6,4
DA:8,4
DA:9,4
DA:12,4
DA:13,0
DA:14,0
DA:15,0
DA:16,0
DA:17,0
DA:19,0
DA:20,0
DA:21,0
DA:23,0
DA:24,0
DA:25,0
DA:26,0
DA:29,0
DA:30,0
DA:31,0
DA:32,0
DA:35,0
DA:37,0
DA:38,0
DA:40,0
DA:45,0
DA:53,4
DA:54,0
DA:57,0
DA:61,4
DA:62,0
DA:63,0
DA:64,0
DA:68,4
DA:69,0
DA:71,0
DA:72,0
DA:75,0
DA:76,0
DA:79,0
DA:93,0
DA:97,4
DA:98,0
DA:99,0
DA:101,0
DA:102,0
DA:104,0
DA:105,0
DA:106,0
DA:108,0
DA:109,0
DA:110,0
DA:111,0
DA:113,0
DA:114,0
DA:115,0
DA:116,0
DA:118,0
DA:119,0
DA:120,0
DA:121,0
DA:122,0
DA:124,0
DA:125,0
DA:126,0
DA:127,0
DA:129,0
DA:130,0
DA:131,0
DA:132,0
DA:134,0
DA:135,0
DA:136,0
DA:137,0
DA:140,0
DA:142,0
DA:143,0
DA:145,0
DA:150,0
DA:154,4
DA:155,0
DA:158,0
DA:159,0
DA:162,4
LF:87
LH:14
BRDA:13,0,0,0
BRDA:13,0,1,0
BRDA:14,1,0,0
BRDA:14,1,1,0
BRDA:16,2,0,0
BRDA:16,2,1,0
BRDA:17,3,0,0
BRDA:17,3,1,0
BRDA:23,4,0,0
BRDA:23,4,1,0
BRDA:29,5,0,0
BRDA:29,5,1,0
BRDA:35,6,0,0
BRDA:35,6,1,0
BRDA:63,7,0,0
BRDA:63,7,1,0
BRDA:71,8,0,0
BRDA:71,8,1,0
BRDA:71,9,0,0
BRDA:71,9,1,0
BRDA:75,10,0,0
BRDA:75,10,1,0
BRDA:85,11,0,0
BRDA:85,11,1,0
BRDA:87,12,0,0
BRDA:87,12,1,0
BRDA:88,13,0,0
BRDA:88,13,1,0
BRDA:89,14,0,0
BRDA:89,14,1,0
BRDA:102,15,0,0
BRDA:102,15,1,0
BRDA:108,16,0,0
BRDA:108,16,1,0
BRDA:113,17,0,0
BRDA:113,17,1,0
BRDA:118,18,0,0
BRDA:118,18,1,0
BRDA:119,19,0,0
BRDA:119,19,1,0
BRDA:124,20,0,0
BRDA:124,20,1,0
BRDA:126,21,0,0
BRDA:126,21,1,0
BRDA:129,22,0,0
BRDA:129,22,1,0
BRDA:134,23,0,0
BRDA:134,23,1,0
BRDA:140,24,0,0
BRDA:140,24,1,0
BRDA:158,25,0,0
BRDA:158,25,1,0
BRF:52
BRH:0
end_of_record
TN:
SF:routes/admin-settings.js
FN:12,(anonymous_0)
FN:18,(anonymous_1)
FN:38,(anonymous_2)
FNF:3
FNH:0
FNDA:0,(anonymous_0)
FNDA:0,(anonymous_1)
FNDA:0,(anonymous_2)
DA:1,4
DA:2,4
DA:3,4
DA:4,4
DA:6,4
DA:8,4
DA:9,4
DA:12,4
DA:13,0
DA:14,0
DA:18,4
DA:19,0
DA:21,0
DA:22,0
DA:25,0
DA:26,0
DA:27,0
DA:33,0
DA:34,0
DA:38,4
DA:39,0
DA:54,0
DA:64,4
LF:23
LH:11
BRDA:21,0,0,0
BRDA:21,0,1,0
BRDA:21,1,0,0
BRDA:21,1,1,0
BRDA:26,2,0,0
BRDA:26,2,1,0
BRDA:26,3,0,0
BRDA:26,3,1,0
BRF:8
BRH:0
end_of_record
TN:
SF:routes/admin.js
FN:14,(anonymous_0)
FN:31,(anonymous_1)
FN:77,(anonymous_2)
FN:91,(anonymous_3)
FN:120,(anonymous_4)
FN:182,(anonymous_5)
FNF:6
FNH:0
FNDA:0,(anonymous_0)
FNDA:0,(anonymous_1)
FNDA:0,(anonymous_2)
FNDA:0,(anonymous_3)
FNDA:0,(anonymous_4)
FNDA:0,(anonymous_5)
DA:1,4
DA:2,4
DA:3,4
DA:4,4
DA:5,4
DA:7,4
DA:10,4
DA:11,4
DA:14,4
DA:15,0
DA:19,0
DA:21,0
DA:22,0
DA:25,0
DA:31,4
DA:32,0
DA:33,0
DA:34,0
DA:35,0
DA:36,0
DA:38,0
DA:39,0
DA:40,0
DA:42,0
DA:43,0
DA:44,0
DA:45,0
DA:48,0
DA:49,0
DA:50,0
DA:51,0
DA:52,0
DA:55,0
DA:57,0
DA:58,0
DA:60,0
DA:65,0
DA:77,4
DA:78,0
DA:83,0
DA:84,0
DA:87,0
DA:91,4
DA:92,0
DA:94,0
DA:95,0
DA:98,0
DA:99,0
DA:102,0
DA:103,0
DA:105,0
DA:106,0
DA:107,0
DA:110,0
DA:111,0
DA:116,0
DA:120,4
DA:121,0
DA:122,0
DA:124,0
DA:125,0
DA:126,0
DA:130,0
DA:131,0
DA:134,0
DA:135,0
DA:136,0
DA:137,0
DA:139,0
DA:140,0
DA:144,0
DA:145,0
DA:147,0
DA:148,0
DA:149,0
DA:152,0
DA:153,0
DA:154,0
DA:155,0
DA:158,0
DA:159,0
DA:160,0
DA:162,0
DA:163,0
DA:164,0
DA:165,0
DA:168,0
DA:169,0
DA:172,0
DA:173,0
DA:178,0
DA:182,4
DA:183,0
DA:186,0
DA:187,0
DA:190,0
DA:191,0
DA:192,0
DA:195,0
DA:198,4
LF:100
LH:15
BRDA:21,0,0,0
BRDA:21,0,1,0
BRDA:32,1,0,0
BRDA:32,1,1,0
BRDA:33,2,0,0
BRDA:33,2,1,0
BRDA:35,3,0,0
BRDA:35,3,1,0
BRDA:36,4,0,0
BRDA:36,4,1,0
BRDA:42,5,0,0
BRDA:42,5,1,0
BRDA:49,6,0,0
BRDA:49,6,1,0
BRDA:49,7,0,0
BRDA:49,7,1,0
BRDA:55,8,0,0
BRDA:55,8,1,0
BRDA:83,9,0,0
BRDA:83,9,1,0
BRDA:94,10,0,0
BRDA:94,10,1,0
BRDA:94,11,0,0
BRDA:94,11,1,0
BRDA:98,12,0,0
BRDA:98,12,1,0
BRDA:103,13,0,0
BRDA:103,13,1,0
BRDA:106,14,0,0
BRDA:106,14,1,0
BRDA:125,15,0,0
BRDA:125,15,1,0
BRDA:130,16,0,0
BRDA:130,16,1,0
BRDA:130,17,0,0
BRDA:130,17,1,0
BRDA:130,17,2,0
BRDA:139,18,0,0
BRDA:139,18,1,0
BRDA:144,19,0,0
BRDA:144,19,1,0
BRDA:152,20,0,0
BRDA:152,20,1,0
BRDA:152,21,0,0
BRDA:152,21,1,0
BRDA:158,22,0,0
BRDA:158,22,1,0
BRDA:159,23,0,0
BRDA:159,23,1,0
BRDA:168,24,0,0
BRDA:168,24,1,0
BRDA:186,25,0,0
BRDA:186,25,1,0
BRDA:191,26,0,0
BRDA:191,26,1,0
BRF:55
BRH:0
end_of_record
TN:
SF:routes/auth.js
FN:10,(anonymous_0)
FN:38,(anonymous_1)
FN:70,(anonymous_2)
FN:105,(anonymous_3)
FN:133,(anonymous_4)
FNF:5
FNH:2
FNDA:3,(anonymous_0)
FNDA:4,(anonymous_1)
FNDA:0,(anonymous_2)
FNDA:0,(anonymous_3)
FNDA:0,(anonymous_4)
DA:1,4
DA:2,4
DA:3,4
DA:4,4
DA:5,4
DA:6,4
DA:8,4
DA:10,4
DA:11,3
DA:13,3
DA:14,1
DA:17,2
DA:18,2
DA:19,1
DA:22,1
DA:23,1
DA:27,1
DA:29,1
DA:35,1
DA:38,4
DA:39,4
DA:41,4
DA:42,1
DA:45,3
DA:49,3
DA:51,3
DA:52,1
DA:55,2
DA:56,2
DA:57,1
DA:60,1
DA:66,1
DA:70,4
DA:71,0
DA:73,0
DA:74,0
DA:77,0
DA:78,0
DA:81,0
DA:84,0
DA:86,0
DA:87,0
DA:90,0
DA:91,0
DA:92,0
DA:95,0
DA:96,0
DA:101,0
DA:105,4
DA:106,0
DA:108,0
DA:109,0
DA:113,0
DA:114,0
DA:116,0
DA:117,0
DA:118,0
DA:120,0
DA:126,0
DA:129,0
DA:133,4
DA:134,0
DA:136,0
DA:137,0
DA:140,0
DA:141,0
DA:144,0
DA:148,0
DA:150,0
DA:151,0
DA:154,0
DA:155,0
DA:160,0
DA:163,4
LF:74
LH:36
BRDA:13,0,0,1
BRDA:13,0,1,2
BRDA:13,1,0,3
BRDA:13,1,1,3
BRDA:18,2,0,1
BRDA:18,2,1,1
BRDA:41,3,0,1
BRDA:41,3,1,3
BRDA:41,4,0,4
BRDA:41,4,1,4
BRDA:51,5,0,1
BRDA:51,5,1,2
BRDA:56,6,0,1
BRDA:56,6,1,1
BRDA:73,7,0,0
BRDA:73,7,1,0
BRDA:73,8,0,0
BRDA:73,8,1,0
BRDA:77,9,0,0
BRDA:77,9,1,0
BRDA:86,10,0,0
BRDA:86,10,1,0
BRDA:91,11,0,0
BRDA:91,11,1,0
BRDA:108,12,0,0
BRDA:108,12,1,0
BRDA:116,13,0,0
BRDA:116,13,1,0
BRDA:136,14,0,0
BRDA:136,14,1,0
BRDA:136,15,0,0
BRDA:136,15,1,0
BRDA:140,16,0,0
BRDA:140,16,1,0
BRDA:150,17,0,0
BRDA:150,17,1,0
BRF:36
BRH:14
end_of_record
TN:
SF:routes/cart.js
FN:8,fetchCart
FN:21,(anonymous_1)
FN:27,(anonymous_2)
FN:49,(anonymous_3)
FN:65,(anonymous_4)
FN:76,(anonymous_5)
FNF:6
FNH:5
FNDA:6,fetchCart
FNDA:3,(anonymous_1)
FNDA:5,(anonymous_2)
FNDA:3,(anonymous_3)
FNDA:2,(anonymous_4)
FNDA:0,(anonymous_5)
DA:1,4
DA:2,4
DA:3,4
DA:5,4
DA:6,4
DA:9,6
DA:17,5
DA:21,4
DA:22,3
DA:23,2
DA:27,4
DA:28,5
DA:29,5
DA:30,4
DA:31,1
DA:33,3
DA:34,2
DA:36,1
DA:44,1
DA:45,1
DA:49,4
DA:50,3
DA:51,3
DA:52,1
DA:54,2
DA:60,1
DA:61,1
DA:65,4
DA:66,2
DA:71,1
DA:72,1
DA:76,4
DA:77,0
DA:78,0
DA:81,4
LF:35
LH:33
BRDA:28,0,0,3
BRDA:29,1,0,1
BRDA:29,1,1,4
BRDA:30,2,0,1
BRDA:30,2,1,3
BRDA:30,3,0,4
BRDA:30,3,1,4
BRDA:34,4,0,1
BRDA:34,4,1,1
BRDA:51,5,0,1
BRDA:51,5,1,2
BRDA:51,6,0,3
BRDA:51,6,1,3
BRF:13
BRH:13
end_of_record
TN:
SF:routes/checkout.js
FN:13,(anonymous_0)
FN:101,(anonymous_1)
FN:108,(anonymous_2)
FN:145,(anonymous_3)
FNF:4
FNH:4
FNDA:7,(anonymous_0)
FNDA:2,(anonymous_1)
FNDA:5,(anonymous_2)
FNDA:2,(anonymous_3)
DA:1,4
DA:2,4
DA:3,4
DA:5,4
DA:6,4
DA:8,4
DA:13,4
DA:14,7
DA:16,7
DA:21,6
DA:22,1
DA:25,5
DA:26,5
DA:28,5
DA:29,5
DA:30,5
DA:32,5
DA:34,5
DA:39,5
DA:44,5
DA:45,1
DA:51,1
DA:54,4
DA:56,4
DA:62,4
DA:63,4
DA:65,4
DA:66,3
DA:75,5
DA:76,4
DA:77,4
DA:80,1
DA:81,1
DA:90,1
DA:91,1
DA:93,0
DA:94,0
DA:96,5
DA:101,4
DA:102,2
DA:103,1
DA:108,4
DA:109,5
DA:110,5
DA:112,5
DA:117,4
DA:118,1
DA:121,3
DA:129,3
DA:130,1
DA:133,2
DA:134,2
DA:135,2
DA:137,2
DA:138,2
DA:144,2
DA:145,2
DA:149,2
DA:153,2
DA:155,2
DA:156,2
DA:162,2
DA:163,2
DA:165,2
DA:166,2
DA:168,0
DA:169,0
DA:171,2
DA:175,4
LF:69
LH:65
BRDA:21,0,0,1
BRDA:21,0,1,5
BRDA:44,1,0,1
BRDA:44,1,1,4
BRDA:65,2,0,3
BRDA:65,2,1,1
BRDA:75,3,0,4
BRDA:75,3,1,1
BRDA:110,4,0,5
BRDA:110,4,1,1
BRDA:110,5,0,5
BRDA:110,5,1,1
BRDA:117,6,0,1
BRDA:117,6,1,3
BRDA:129,7,0,1
BRDA:129,7,1,2
BRF:16
BRH:16
end_of_record
TN:
SF:routes/products.js
FN:7,(anonymous_0)
FNF:1
FNH:1
FNDA:11,(anonymous_0)
DA:1,4
DA:2,4
DA:4,4
DA:7,4
DA:8,11
DA:9,11
DA:11,11
DA:12,11
DA:13,11
DA:15,11
DA:16,1
DA:17,1
DA:18,1
DA:21,11
DA:23,11
DA:35,10
DA:38,4
LF:17
LH:17
BRDA:8,0,0,11
BRDA:8,0,1,10
BRDA:9,1,0,11
BRDA:9,1,1,9
BRDA:15,2,0,1
BRDA:15,2,1,10
BRDA:21,3,0,1
BRDA:21,3,1,10
BRF:8
BRH:8
end_of_record
